{"c:\\coding_local\\node-activedirectory\\index.js":{"path":"c:\\coding_local\\node-activedirectory\\index.js","statementMap":{"0":{"start":{"line":1,"column":0},"end":{"line":1,"column":50}}},"fnMap":{},"branchMap":{},"s":{"0":1},"f":{},"b":{},"_coverageSchema":"332fd63041d2c1bcb487cc26dd0d5f7d97098a6c","hash":"6c14007b57fce4450fc911540fdbb6ef0b86127a","contentHash":"5b4dfa258ab80d76f30c98fa11129ecb_11.9.0"},"c:\\coding_local\\node-activedirectory\\lib\\activedirectory.js":{"path":"c:\\coding_local\\node-activedirectory\\lib\\activedirectory.js","statementMap":{"0":{"start":{"line":1,"column":42},"end":{"line":1,"column":59}},"1":{"start":{"line":2,"column":42},"end":{"line":2,"column":57}},"2":{"start":{"line":3,"column":42},"end":{"line":3,"column":59}},"3":{"start":{"line":4,"column":42},"end":{"line":4,"column":63}},"4":{"start":{"line":5,"column":42},"end":{"line":5,"column":56}},"5":{"start":{"line":6,"column":42},"end":{"line":6,"column":66}},"6":{"start":{"line":7,"column":42},"end":{"line":7,"column":67}},"7":{"start":{"line":8,"column":42},"end":{"line":8,"column":95}},"8":{"start":{"line":9,"column":42},"end":{"line":9,"column":107}},"9":{"start":{"line":10,"column":42},"end":{"line":10,"column":103}},"10":{"start":{"line":11,"column":42},"end":{"line":11,"column":113}},"11":{"start":{"line":12,"column":42},"end":{"line":12,"column":106}},"12":{"start":{"line":13,"column":42},"end":{"line":13,"column":87}},"13":{"start":{"line":14,"column":42},"end":{"line":14,"column":93}},"14":{"start":{"line":15,"column":42},"end":{"line":15,"column":98}},"15":{"start":{"line":16,"column":42},"end":{"line":16,"column":98}},"16":{"start":{"line":17,"column":42},"end":{"line":17,"column":92}},"17":{"start":{"line":18,"column":42},"end":{"line":18,"column":95}},"18":{"start":{"line":19,"column":42},"end":{"line":19,"column":113}},"19":{"start":{"line":20,"column":42},"end":{"line":20,"column":100}},"20":{"start":{"line":21,"column":42},"end":{"line":21,"column":90}},"21":{"start":{"line":22,"column":42},"end":{"line":22,"column":99}},"22":{"start":{"line":23,"column":42},"end":{"line":23,"column":98}},"23":{"start":{"line":24,"column":42},"end":{"line":24,"column":100}},"24":{"start":{"line":25,"column":42},"end":{"line":25,"column":94}},"25":{"start":{"line":26,"column":42},"end":{"line":26,"column":93}},"26":{"start":{"line":27,"column":42},"end":{"line":27,"column":98}},"27":{"start":{"line":28,"column":42},"end":{"line":28,"column":102}},"28":{"start":{"line":29,"column":42},"end":{"line":29,"column":105}},"29":{"start":{"line":30,"column":42},"end":{"line":30,"column":106}},"30":{"start":{"line":33,"column":42},"end":{"line":33,"column":76}},"31":{"start":{"line":34,"column":42},"end":{"line":34,"column":80}},"32":{"start":{"line":35,"column":42},"end":{"line":35,"column":81}},"33":{"start":{"line":36,"column":42},"end":{"line":36,"column":82}},"34":{"start":{"line":37,"column":42},"end":{"line":37,"column":86}},"35":{"start":{"line":38,"column":42},"end":{"line":38,"column":90}},"36":{"start":{"line":39,"column":42},"end":{"line":39,"column":81}},"37":{"start":{"line":40,"column":42},"end":{"line":40,"column":82}},"38":{"start":{"line":41,"column":42},"end":{"line":41,"column":83}},"39":{"start":{"line":42,"column":42},"end":{"line":42,"column":88}},"40":{"start":{"line":43,"column":42},"end":{"line":43,"column":97}},"41":{"start":{"line":44,"column":42},"end":{"line":44,"column":95}},"42":{"start":{"line":45,"column":42},"end":{"line":45,"column":98}},"43":{"start":{"line":46,"column":42},"end":{"line":46,"column":82}},"44":{"start":{"line":47,"column":42},"end":{"line":47,"column":84}},"45":{"start":{"line":48,"column":33},"end":{"line":48,"column":38}},"46":{"start":{"line":50,"column":54},"end":{"line":50,"column":96}},"47":{"start":{"line":51,"column":54},"end":{"line":51,"column":99}},"48":{"start":{"line":52,"column":23},"end":{"line":52,"column":98}},"49":{"start":{"line":53,"column":54},"end":{"line":53,"column":84}},"50":{"start":{"line":69,"column":22},"end":{"line":109,"column":1}},"51":{"start":{"line":70,"column":4},"end":{"line":108,"column":5}},"52":{"start":{"line":71,"column":8},"end":{"line":71,"column":23}},"53":{"start":{"line":72,"column":8},"end":{"line":93,"column":9}},"54":{"start":{"line":73,"column":12},"end":{"line":73,"column":32}},"55":{"start":{"line":74,"column":12},"end":{"line":74,"column":33}},"56":{"start":{"line":75,"column":12},"end":{"line":75,"column":40}},"57":{"start":{"line":76,"column":12},"end":{"line":76,"column":49}},"58":{"start":{"line":78,"column":12},"end":{"line":80,"column":13}},"59":{"start":{"line":79,"column":16},"end":{"line":79,"column":61}},"60":{"start":{"line":83,"column":12},"end":{"line":83,"column":44}},"61":{"start":{"line":84,"column":12},"end":{"line":84,"column":43}},"62":{"start":{"line":86,"column":12},"end":{"line":86,"column":73}},"63":{"start":{"line":86,"column":35},"end":{"line":86,"column":73}},"64":{"start":{"line":87,"column":12},"end":{"line":87,"column":91}},"65":{"start":{"line":87,"column":44},"end":{"line":87,"column":91}},"66":{"start":{"line":89,"column":12},"end":{"line":92,"column":13}},"67":{"start":{"line":90,"column":16},"end":{"line":90,"column":77}},"68":{"start":{"line":91,"column":16},"end":{"line":91,"column":43}},"69":{"start":{"line":95,"column":8},"end":{"line":95,"column":139}},"70":{"start":{"line":96,"column":8},"end":{"line":96,"column":135}},"71":{"start":{"line":98,"column":8},"end":{"line":99,"column":94}},"72":{"start":{"line":100,"column":8},"end":{"line":100,"column":145}},"73":{"start":{"line":101,"column":8},"end":{"line":101,"column":78}},"74":{"start":{"line":102,"column":8},"end":{"line":102,"column":80}},"75":{"start":{"line":104,"column":8},"end":{"line":104,"column":39}},"76":{"start":{"line":107,"column":8},"end":{"line":107,"column":80}},"77":{"start":{"line":110,"column":0},"end":{"line":110,"column":52}},"78":{"start":{"line":111,"column":0},"end":{"line":111,"column":39}},"79":{"start":{"line":113,"column":0},"end":{"line":113,"column":62}},"80":{"start":{"line":114,"column":0},"end":{"line":114,"column":80}},"81":{"start":{"line":122,"column":0},"end":{"line":124,"column":2}},"82":{"start":{"line":123,"column":4},"end":{"line":123,"column":47}},"83":{"start":{"line":131,"column":0},"end":{"line":133,"column":2}},"84":{"start":{"line":132,"column":4},"end":{"line":132,"column":60}},"85":{"start":{"line":140,"column":0},"end":{"line":142,"column":2}},"86":{"start":{"line":141,"column":4},"end":{"line":141,"column":61}},"87":{"start":{"line":143,"column":0},"end":{"line":143,"column":83}},"88":{"start":{"line":144,"column":0},"end":{"line":144,"column":50}},"89":{"start":{"line":145,"column":0},"end":{"line":145,"column":51}},"90":{"start":{"line":146,"column":0},"end":{"line":146,"column":58}},"91":{"start":{"line":147,"column":0},"end":{"line":147,"column":38}},"92":{"start":{"line":148,"column":0},"end":{"line":148,"column":66}},"93":{"start":{"line":149,"column":0},"end":{"line":149,"column":48}},"94":{"start":{"line":150,"column":0},"end":{"line":150,"column":49}},"95":{"start":{"line":151,"column":0},"end":{"line":151,"column":46}},"96":{"start":{"line":152,"column":0},"end":{"line":152,"column":48}},"97":{"start":{"line":153,"column":0},"end":{"line":153,"column":54}},"98":{"start":{"line":154,"column":0},"end":{"line":154,"column":50}},"99":{"start":{"line":156,"column":0},"end":{"line":156,"column":33}}},"fnMap":{"0":{"name":"(anonymous_0)","decl":{"start":{"line":69,"column":22},"end":{"line":69,"column":23}},"loc":{"start":{"line":69,"column":75},"end":{"line":109,"column":1}},"line":69},"1":{"name":"_getDefaultAttributes","decl":{"start":{"line":122,"column":59},"end":{"line":122,"column":80}},"loc":{"start":{"line":122,"column":83},"end":{"line":124,"column":1}},"line":122},"2":{"name":"_getDefaultUserAttributes","decl":{"start":{"line":131,"column":63},"end":{"line":131,"column":88}},"loc":{"start":{"line":131,"column":91},"end":{"line":133,"column":1}},"line":131},"3":{"name":"_getDefaultGroupAttributes","decl":{"start":{"line":140,"column":64},"end":{"line":140,"column":90}},"loc":{"start":{"line":140,"column":93},"end":{"line":142,"column":1}},"line":140}},"branchMap":{"0":{"loc":{"start":{"line":70,"column":4},"end":{"line":108,"column":5}},"type":"if","locations":[{"start":{"line":70,"column":4},"end":{"line":108,"column":5}},{"start":{"line":70,"column":4},"end":{"line":108,"column":5}}],"line":70},"1":{"loc":{"start":{"line":72,"column":8},"end":{"line":93,"column":9}},"type":"if","locations":[{"start":{"line":72,"column":8},"end":{"line":93,"column":9}},{"start":{"line":72,"column":8},"end":{"line":93,"column":9}}],"line":72},"2":{"loc":{"start":{"line":78,"column":12},"end":{"line":80,"column":13}},"type":"if","locations":[{"start":{"line":78,"column":12},"end":{"line":80,"column":13}},{"start":{"line":78,"column":12},"end":{"line":80,"column":13}}],"line":78},"3":{"loc":{"start":{"line":78,"column":25},"end":{"line":78,"column":39}},"type":"binary-expr","locations":[{"start":{"line":78,"column":25},"end":{"line":78,"column":33}},{"start":{"line":78,"column":37},"end":{"line":78,"column":39}}],"line":78},"4":{"loc":{"start":{"line":86,"column":12},"end":{"line":86,"column":73}},"type":"if","locations":[{"start":{"line":86,"column":12},"end":{"line":86,"column":73}},{"start":{"line":86,"column":12},"end":{"line":86,"column":73}}],"line":86},"5":{"loc":{"start":{"line":87,"column":12},"end":{"line":87,"column":91}},"type":"if","locations":[{"start":{"line":87,"column":12},"end":{"line":87,"column":91}},{"start":{"line":87,"column":12},"end":{"line":87,"column":91}}],"line":87},"6":{"loc":{"start":{"line":89,"column":12},"end":{"line":92,"column":13}},"type":"if","locations":[{"start":{"line":89,"column":12},"end":{"line":92,"column":13}},{"start":{"line":89,"column":12},"end":{"line":92,"column":13}}],"line":89},"7":{"loc":{"start":{"line":95,"column":68},"end":{"line":95,"column":102}},"type":"binary-expr","locations":[{"start":{"line":95,"column":68},"end":{"line":95,"column":96}},{"start":{"line":95,"column":100},"end":{"line":95,"column":102}}],"line":95},"8":{"loc":{"start":{"line":95,"column":69},"end":{"line":95,"column":84}},"type":"binary-expr","locations":[{"start":{"line":95,"column":69},"end":{"line":95,"column":78}},{"start":{"line":95,"column":82},"end":{"line":95,"column":84}}],"line":95},"9":{"loc":{"start":{"line":95,"column":104},"end":{"line":95,"column":137}},"type":"binary-expr","locations":[{"start":{"line":95,"column":104},"end":{"line":95,"column":131}},{"start":{"line":95,"column":135},"end":{"line":95,"column":137}}],"line":95},"10":{"loc":{"start":{"line":95,"column":105},"end":{"line":95,"column":119}},"type":"binary-expr","locations":[{"start":{"line":95,"column":105},"end":{"line":95,"column":113}},{"start":{"line":95,"column":117},"end":{"line":95,"column":119}}],"line":95},"11":{"loc":{"start":{"line":96,"column":66},"end":{"line":96,"column":99}},"type":"binary-expr","locations":[{"start":{"line":96,"column":66},"end":{"line":96,"column":93}},{"start":{"line":96,"column":97},"end":{"line":96,"column":99}}],"line":96},"12":{"loc":{"start":{"line":96,"column":67},"end":{"line":96,"column":82}},"type":"binary-expr","locations":[{"start":{"line":96,"column":67},"end":{"line":96,"column":76}},{"start":{"line":96,"column":80},"end":{"line":96,"column":82}}],"line":96},"13":{"loc":{"start":{"line":96,"column":101},"end":{"line":96,"column":133}},"type":"binary-expr","locations":[{"start":{"line":96,"column":101},"end":{"line":96,"column":127}},{"start":{"line":96,"column":131},"end":{"line":96,"column":133}}],"line":96},"14":{"loc":{"start":{"line":96,"column":102},"end":{"line":96,"column":116}},"type":"binary-expr","locations":[{"start":{"line":96,"column":102},"end":{"line":96,"column":110}},{"start":{"line":96,"column":114},"end":{"line":96,"column":116}}],"line":96},"15":{"loc":{"start":{"line":99,"column":12},"end":{"line":99,"column":77}},"type":"cond-expr","locations":[{"start":{"line":99,"column":39},"end":{"line":99,"column":64}},{"start":{"line":99,"column":67},"end":{"line":99,"column":77}}],"line":99},"16":{"loc":{"start":{"line":100,"column":37},"end":{"line":100,"column":143}},"type":"cond-expr","locations":[{"start":{"line":100,"column":64},"end":{"line":100,"column":130}},{"start":{"line":100,"column":133},"end":{"line":100,"column":143}}],"line":100},"17":{"loc":{"start":{"line":101,"column":48},"end":{"line":101,"column":76}},"type":"binary-expr","locations":[{"start":{"line":101,"column":48},"end":{"line":101,"column":70}},{"start":{"line":101,"column":74},"end":{"line":101,"column":76}}],"line":101},"18":{"loc":{"start":{"line":102,"column":49},"end":{"line":102,"column":78}},"type":"binary-expr","locations":[{"start":{"line":102,"column":49},"end":{"line":102,"column":72}},{"start":{"line":102,"column":76},"end":{"line":102,"column":78}}],"line":102},"19":{"loc":{"start":{"line":132,"column":28},"end":{"line":132,"column":51}},"type":"binary-expr","locations":[{"start":{"line":132,"column":28},"end":{"line":132,"column":45}},{"start":{"line":132,"column":49},"end":{"line":132,"column":51}}],"line":132},"20":{"loc":{"start":{"line":141,"column":28},"end":{"line":141,"column":51}},"type":"binary-expr","locations":[{"start":{"line":141,"column":28},"end":{"line":141,"column":45}},{"start":{"line":141,"column":49},"end":{"line":141,"column":51}}],"line":141}},"s":{"0":1,"1":1,"2":1,"3":1,"4":1,"5":1,"6":1,"7":1,"8":1,"9":1,"10":1,"11":1,"12":1,"13":1,"14":1,"15":1,"16":1,"17":1,"18":1,"19":1,"20":1,"21":1,"22":1,"23":1,"24":1,"25":1,"26":1,"27":1,"28":1,"29":1,"30":1,"31":1,"32":1,"33":1,"34":1,"35":1,"36":1,"37":1,"38":1,"39":1,"40":1,"41":1,"42":1,"43":1,"44":1,"45":1,"46":1,"47":1,"48":1,"49":1,"50":1,"51":25,"52":25,"53":25,"54":1,"55":1,"56":1,"57":1,"58":1,"59":0,"60":24,"61":24,"62":24,"63":24,"64":24,"65":24,"66":24,"67":22,"68":0,"69":3,"70":3,"71":3,"72":3,"73":3,"74":3,"75":3,"76":0,"77":1,"78":1,"79":1,"80":1,"81":1,"82":0,"83":1,"84":0,"85":1,"86":0,"87":1,"88":1,"89":1,"90":1,"91":1,"92":1,"93":1,"94":1,"95":1,"96":1,"97":1,"98":1,"99":1},"f":{"0":25,"1":0,"2":0,"3":0},"b":{"0":[25,0],"1":[1,24],"2":[0,1],"3":[1,1],"4":[24,0],"5":[24,0],"6":[22,2],"7":[3,3],"8":[3,0],"9":[3,3],"10":[3,3],"11":[3,3],"12":[3,0],"13":[3,3],"14":[3,3],"15":[0,3],"16":[0,3],"17":[3,0],"18":[3,0],"19":[0,0],"20":[0,0]},"_coverageSchema":"332fd63041d2c1bcb487cc26dd0d5f7d97098a6c","hash":"e71523efe49b4eabf88682c6024c6bd24a500dc3","contentHash":"b0c9bf6d67ee3421c7ff1b5b3b068d0f_11.9.0"},"c:\\coding_local\\node-activedirectory\\lib\\models\\user.js":{"path":"c:\\coding_local\\node-activedirectory\\lib\\models\\user.js","statementMap":{"0":{"start":{"line":1,"column":8},"end":{"line":1,"column":29}},"1":{"start":{"line":10,"column":11},"end":{"line":21,"column":1}},"2":{"start":{"line":11,"column":2},"end":{"line":20,"column":3}},"3":{"start":{"line":12,"column":4},"end":{"line":16,"column":5}},"4":{"start":{"line":13,"column":6},"end":{"line":15,"column":7}},"5":{"start":{"line":14,"column":8},"end":{"line":14,"column":46}},"6":{"start":{"line":19,"column":3},"end":{"line":19,"column":32}},"7":{"start":{"line":29,"column":0},"end":{"line":36,"column":2}},"8":{"start":{"line":30,"column":2},"end":{"line":30,"column":29}},"9":{"start":{"line":30,"column":15},"end":{"line":30,"column":29}},"10":{"start":{"line":32,"column":2},"end":{"line":32,"column":38}},"11":{"start":{"line":33,"column":2},"end":{"line":35,"column":6}},"12":{"start":{"line":34,"column":4},"end":{"line":34,"column":61}},"13":{"start":{"line":38,"column":0},"end":{"line":38,"column":22}}},"fnMap":{"0":{"name":"(anonymous_0)","decl":{"start":{"line":10,"column":11},"end":{"line":10,"column":12}},"loc":{"start":{"line":10,"column":32},"end":{"line":21,"column":1}},"line":10},"1":{"name":"isMemberOf","decl":{"start":{"line":29,"column":37},"end":{"line":29,"column":47}},"loc":{"start":{"line":29,"column":55},"end":{"line":36,"column":1}},"line":29},"2":{"name":"(anonymous_2)","decl":{"start":{"line":33,"column":34},"end":{"line":33,"column":35}},"loc":{"start":{"line":33,"column":49},"end":{"line":35,"column":3}},"line":33}},"branchMap":{"0":{"loc":{"start":{"line":11,"column":2},"end":{"line":20,"column":3}},"type":"if","locations":[{"start":{"line":11,"column":2},"end":{"line":20,"column":3}},{"start":{"line":11,"column":2},"end":{"line":20,"column":3}}],"line":11},"1":{"loc":{"start":{"line":12,"column":26},"end":{"line":12,"column":42}},"type":"binary-expr","locations":[{"start":{"line":12,"column":26},"end":{"line":12,"column":36}},{"start":{"line":12,"column":40},"end":{"line":12,"column":42}}],"line":12},"2":{"loc":{"start":{"line":13,"column":6},"end":{"line":15,"column":7}},"type":"if","locations":[{"start":{"line":13,"column":6},"end":{"line":15,"column":7}},{"start":{"line":13,"column":6},"end":{"line":15,"column":7}}],"line":13},"3":{"loc":{"start":{"line":30,"column":2},"end":{"line":30,"column":29}},"type":"if","locations":[{"start":{"line":30,"column":2},"end":{"line":30,"column":29}},{"start":{"line":30,"column":2},"end":{"line":30,"column":29}}],"line":30},"4":{"loc":{"start":{"line":32,"column":11},"end":{"line":32,"column":22}},"type":"binary-expr","locations":[{"start":{"line":32,"column":11},"end":{"line":32,"column":16}},{"start":{"line":32,"column":20},"end":{"line":32,"column":22}}],"line":32},"5":{"loc":{"start":{"line":33,"column":15},"end":{"line":33,"column":32}},"type":"binary-expr","locations":[{"start":{"line":33,"column":15},"end":{"line":33,"column":26}},{"start":{"line":33,"column":30},"end":{"line":33,"column":32}}],"line":33},"6":{"loc":{"start":{"line":34,"column":13},"end":{"line":34,"column":34}},"type":"binary-expr","locations":[{"start":{"line":34,"column":13},"end":{"line":34,"column":28}},{"start":{"line":34,"column":32},"end":{"line":34,"column":34}}],"line":34},"7":{"loc":{"start":{"line":34,"column":14},"end":{"line":34,"column":24}},"type":"binary-expr","locations":[{"start":{"line":34,"column":14},"end":{"line":34,"column":18}},{"start":{"line":34,"column":22},"end":{"line":34,"column":24}}],"line":34}},"s":{"0":1,"1":1,"2":0,"3":0,"4":0,"5":0,"6":0,"7":1,"8":0,"9":0,"10":0,"11":0,"12":0,"13":1},"f":{"0":0,"1":0,"2":0},"b":{"0":[0,0],"1":[0,0],"2":[0,0],"3":[0,0],"4":[0,0],"5":[0,0],"6":[0,0],"7":[0,0]},"_coverageSchema":"332fd63041d2c1bcb487cc26dd0d5f7d97098a6c","hash":"366cfe6c55276b886111206f1a7141d255bccb8f","contentHash":"a7d4b9b74e863780d9a3e66a0571a199_11.9.0"},"c:\\coding_local\\node-activedirectory\\lib\\models\\group.js":{"path":"c:\\coding_local\\node-activedirectory\\lib\\models\\group.js","statementMap":{"0":{"start":{"line":8,"column":12},"end":{"line":19,"column":1}},"1":{"start":{"line":9,"column":2},"end":{"line":18,"column":3}},"2":{"start":{"line":10,"column":4},"end":{"line":14,"column":5}},"3":{"start":{"line":11,"column":6},"end":{"line":13,"column":7}},"4":{"start":{"line":12,"column":8},"end":{"line":12,"column":46}},"5":{"start":{"line":17,"column":4},"end":{"line":17,"column":34}},"6":{"start":{"line":21,"column":0},"end":{"line":21,"column":23}}},"fnMap":{"0":{"name":"(anonymous_0)","decl":{"start":{"line":8,"column":12},"end":{"line":8,"column":13}},"loc":{"start":{"line":8,"column":33},"end":{"line":19,"column":1}},"line":8}},"branchMap":{"0":{"loc":{"start":{"line":9,"column":2},"end":{"line":18,"column":3}},"type":"if","locations":[{"start":{"line":9,"column":2},"end":{"line":18,"column":3}},{"start":{"line":9,"column":2},"end":{"line":18,"column":3}}],"line":9},"1":{"loc":{"start":{"line":10,"column":26},"end":{"line":10,"column":42}},"type":"binary-expr","locations":[{"start":{"line":10,"column":26},"end":{"line":10,"column":36}},{"start":{"line":10,"column":40},"end":{"line":10,"column":42}}],"line":10},"2":{"loc":{"start":{"line":11,"column":6},"end":{"line":13,"column":7}},"type":"if","locations":[{"start":{"line":11,"column":6},"end":{"line":13,"column":7}},{"start":{"line":11,"column":6},"end":{"line":13,"column":7}}],"line":11}},"s":{"0":1,"1":0,"2":0,"3":0,"4":0,"5":0,"6":1},"f":{"0":0},"b":{"0":[0,0],"1":[0,0],"2":[0,0]},"_coverageSchema":"332fd63041d2c1bcb487cc26dd0d5f7d97098a6c","hash":"d30061428c92b7828744c9aed0303f1f0f20acf0","contentHash":"c96dfa88035183af4d545e116eb6edd4_11.9.0"},"c:\\coding_local\\node-activedirectory\\lib\\services\\internal\\service.joinAttributes.js":{"path":"c:\\coding_local\\node-activedirectory\\lib\\services\\internal\\service.joinAttributes.js","statementMap":{"0":{"start":{"line":1,"column":38},"end":{"line":1,"column":85}},"1":{"start":{"line":2,"column":38},"end":{"line":2,"column":59}},"2":{"start":{"line":9,"column":23},"end":{"line":16,"column":1}},"3":{"start":{"line":10,"column":4},"end":{"line":14,"column":5}},"4":{"start":{"line":11,"column":8},"end":{"line":13,"column":9}},"5":{"start":{"line":12,"column":12},"end":{"line":12,"column":24}},"6":{"start":{"line":15,"column":4},"end":{"line":15,"column":44}},"7":{"start":{"line":18,"column":0},"end":{"line":18,"column":32}}},"fnMap":{"0":{"name":"(anonymous_0)","decl":{"start":{"line":9,"column":23},"end":{"line":9,"column":24}},"loc":{"start":{"line":9,"column":29},"end":{"line":16,"column":1}},"line":9}},"branchMap":{"0":{"loc":{"start":{"line":11,"column":8},"end":{"line":13,"column":9}},"type":"if","locations":[{"start":{"line":11,"column":8},"end":{"line":13,"column":9}},{"start":{"line":11,"column":8},"end":{"line":13,"column":9}}],"line":11}},"s":{"0":1,"1":1,"2":1,"3":0,"4":0,"5":0,"6":0,"7":1},"f":{"0":0},"b":{"0":[0,0]},"_coverageSchema":"332fd63041d2c1bcb487cc26dd0d5f7d97098a6c","hash":"c5e7e094ac5e52069073573ea93210ae568ecd21","contentHash":"0e444a85eb7bc2b3698f913805759680_11.9.0"},"c:\\coding_local\\node-activedirectory\\lib\\services\\internal\\service.shouldIncludeAllAttributes.js":{"path":"c:\\coding_local\\node-activedirectory\\lib\\services\\internal\\service.shouldIncludeAllAttributes.js","statementMap":{"0":{"start":{"line":8,"column":18},"end":{"line":8,"column":39}},"1":{"start":{"line":10,"column":35},"end":{"line":17,"column":1}},"2":{"start":{"line":11,"column":4},"end":{"line":16,"column":6}},"3":{"start":{"line":14,"column":16},"end":{"line":14,"column":43}},"4":{"start":{"line":19,"column":0},"end":{"line":19,"column":44}}},"fnMap":{"0":{"name":"(anonymous_0)","decl":{"start":{"line":10,"column":35},"end":{"line":10,"column":36}},"loc":{"start":{"line":10,"column":49},"end":{"line":17,"column":1}},"line":10},"1":{"name":"(anonymous_1)","decl":{"start":{"line":13,"column":36},"end":{"line":13,"column":37}},"loc":{"start":{"line":13,"column":57},"end":{"line":15,"column":13}},"line":13}},"branchMap":{"0":{"loc":{"start":{"line":11,"column":12},"end":{"line":15,"column":15}},"type":"binary-expr","locations":[{"start":{"line":11,"column":13},"end":{"line":11,"column":48}},{"start":{"line":12,"column":10},"end":{"line":12,"column":33}},{"start":{"line":13,"column":12},"end":{"line":15,"column":14}}],"line":11},"1":{"loc":{"start":{"line":13,"column":18},"end":{"line":13,"column":34}},"type":"binary-expr","locations":[{"start":{"line":13,"column":18},"end":{"line":13,"column":28}},{"start":{"line":13,"column":32},"end":{"line":13,"column":34}}],"line":13}},"s":{"0":1,"1":1,"2":0,"3":0,"4":1},"f":{"0":0,"1":0},"b":{"0":[0,0,0],"1":[0,0]},"_coverageSchema":"332fd63041d2c1bcb487cc26dd0d5f7d97098a6c","hash":"4fddda30f6163f4e25ddeaa71e3047117fe7b6e4","contentHash":"437edbe88156889ad489e0372f516574_11.9.0"},"c:\\coding_local\\node-activedirectory\\lib\\services\\internal\\service.parseDistinguishedName.js":{"path":"c:\\coding_local\\node-activedirectory\\lib\\services\\internal\\service.parseDistinguishedName.js","statementMap":{"0":{"start":{"line":1,"column":18},"end":{"line":1,"column":42}},"1":{"start":{"line":12,"column":31},"end":{"line":18,"column":1}},"2":{"start":{"line":13,"column":4},"end":{"line":13,"column":48}},"3":{"start":{"line":14,"column":4},"end":{"line":14,"column":25}},"4":{"start":{"line":14,"column":13},"end":{"line":14,"column":25}},"5":{"start":{"line":16,"column":4},"end":{"line":16,"column":33}},"6":{"start":{"line":17,"column":4},"end":{"line":17,"column":40}},"7":{"start":{"line":20,"column":0},"end":{"line":20,"column":40}}},"fnMap":{"0":{"name":"(anonymous_0)","decl":{"start":{"line":12,"column":31},"end":{"line":12,"column":32}},"loc":{"start":{"line":12,"column":37},"end":{"line":18,"column":1}},"line":12}},"branchMap":{"0":{"loc":{"start":{"line":14,"column":4},"end":{"line":14,"column":25}},"type":"if","locations":[{"start":{"line":14,"column":4},"end":{"line":14,"column":25}},{"start":{"line":14,"column":4},"end":{"line":14,"column":25}}],"line":14}},"s":{"0":1,"1":1,"2":0,"3":0,"4":0,"5":0,"6":0,"7":1},"f":{"0":0},"b":{"0":[0,0]},"_coverageSchema":"332fd63041d2c1bcb487cc26dd0d5f7d97098a6c","hash":"de2971230781e0e64fec74c50e1c985dbbc927cb","contentHash":"5235702347876744eff6df06e6a4ba13_11.9.0"},"c:\\coding_local\\node-activedirectory\\lib\\services\\internal\\service.log.js":{"path":"c:\\coding_local\\node-activedirectory\\lib\\services\\internal\\service.log.js","statementMap":{"0":{"start":{"line":1,"column":15},"end":{"line":1,"column":32}},"1":{"start":{"line":3,"column":10},"end":{"line":11,"column":2}},"2":{"start":{"line":14,"column":0},"end":{"line":14,"column":21}}},"fnMap":{},"branchMap":{},"s":{"0":1,"1":1,"2":1},"f":{},"b":{},"_coverageSchema":"332fd63041d2c1bcb487cc26dd0d5f7d97098a6c","hash":"f60a53e21a35241b955a4a994f80b028b7383d1f","contentHash":"1fbfa7cfec1aabc62a6aa42b32bcdfed_11.9.0"},"c:\\coding_local\\node-activedirectory\\lib\\services\\internal\\service.getRequiredLdapAttributesForUser.js":{"path":"c:\\coding_local\\node-activedirectory\\lib\\services\\internal\\service.getRequiredLdapAttributesForUser.js","statementMap":{"0":{"start":{"line":1,"column":38},"end":{"line":1,"column":59}},"1":{"start":{"line":2,"column":38},"end":{"line":2,"column":84}},"2":{"start":{"line":3,"column":38},"end":{"line":3,"column":85}},"3":{"start":{"line":12,"column":41},"end":{"line":18,"column":1}},"4":{"start":{"line":13,"column":4},"end":{"line":15,"column":5}},"5":{"start":{"line":14,"column":8},"end":{"line":14,"column":20}},"6":{"start":{"line":16,"column":4},"end":{"line":17,"column":68}},"7":{"start":{"line":20,"column":0},"end":{"line":20,"column":50}}},"fnMap":{"0":{"name":"(anonymous_0)","decl":{"start":{"line":12,"column":41},"end":{"line":12,"column":42}},"loc":{"start":{"line":12,"column":49},"end":{"line":18,"column":1}},"line":12}},"branchMap":{"0":{"loc":{"start":{"line":13,"column":4},"end":{"line":15,"column":5}},"type":"if","locations":[{"start":{"line":13,"column":4},"end":{"line":15,"column":5}},{"start":{"line":13,"column":4},"end":{"line":15,"column":5}}],"line":13},"1":{"loc":{"start":{"line":13,"column":36},"end":{"line":13,"column":46}},"type":"binary-expr","locations":[{"start":{"line":13,"column":36},"end":{"line":13,"column":40}},{"start":{"line":13,"column":44},"end":{"line":13,"column":46}}],"line":13},"2":{"loc":{"start":{"line":17,"column":8},"end":{"line":17,"column":65}},"type":"cond-expr","locations":[{"start":{"line":17,"column":50},"end":{"line":17,"column":60}},{"start":{"line":17,"column":63},"end":{"line":17,"column":65}}],"line":17}},"s":{"0":1,"1":1,"2":1,"3":1,"4":0,"5":0,"6":0,"7":1},"f":{"0":0},"b":{"0":[0,0],"1":[0,0],"2":[0,0]},"_coverageSchema":"332fd63041d2c1bcb487cc26dd0d5f7d97098a6c","hash":"d232aafceabac14631256541bd0a587267cafa13","contentHash":"561d477f5f58b0ec1222fb9675e24fe5_11.9.0"},"c:\\coding_local\\node-activedirectory\\lib\\services\\internal\\service.includeGroupMembershipFor.js":{"path":"c:\\coding_local\\node-activedirectory\\lib\\services\\internal\\service.includeGroupMembershipFor.js","statementMap":{"0":{"start":{"line":1,"column":26},"end":{"line":1,"column":47}},"1":{"start":{"line":10,"column":34},"end":{"line":21,"column":1}},"2":{"start":{"line":11,"column":4},"end":{"line":14,"column":5}},"3":{"start":{"line":12,"column":8},"end":{"line":12,"column":20}},"4":{"start":{"line":13,"column":8},"end":{"line":13,"column":25}},"5":{"start":{"line":16,"column":24},"end":{"line":16,"column":50}},"6":{"start":{"line":17,"column":4},"end":{"line":20,"column":8}},"7":{"start":{"line":18,"column":8},"end":{"line":18,"column":28}},"8":{"start":{"line":19,"column":8},"end":{"line":19,"column":56}},"9":{"start":{"line":23,"column":0},"end":{"line":23,"column":43}}},"fnMap":{"0":{"name":"(anonymous_0)","decl":{"start":{"line":10,"column":34},"end":{"line":10,"column":35}},"loc":{"start":{"line":10,"column":54},"end":{"line":21,"column":1}},"line":10},"1":{"name":"(anonymous_1)","decl":{"start":{"line":17,"column":71},"end":{"line":17,"column":72}},"loc":{"start":{"line":17,"column":84},"end":{"line":20,"column":5}},"line":17}},"branchMap":{"0":{"loc":{"start":{"line":11,"column":4},"end":{"line":14,"column":5}},"type":"if","locations":[{"start":{"line":11,"column":4},"end":{"line":14,"column":5}},{"start":{"line":11,"column":4},"end":{"line":14,"column":5}}],"line":11},"1":{"loc":{"start":{"line":16,"column":25},"end":{"line":16,"column":35}},"type":"binary-expr","locations":[{"start":{"line":16,"column":25},"end":{"line":16,"column":29}},{"start":{"line":16,"column":33},"end":{"line":16,"column":35}}],"line":16},"2":{"loc":{"start":{"line":17,"column":19},"end":{"line":17,"column":68}},"type":"binary-expr","locations":[{"start":{"line":17,"column":19},"end":{"line":17,"column":62}},{"start":{"line":17,"column":66},"end":{"line":17,"column":68}}],"line":17},"3":{"loc":{"start":{"line":17,"column":20},"end":{"line":17,"column":43}},"type":"binary-expr","locations":[{"start":{"line":17,"column":20},"end":{"line":17,"column":24}},{"start":{"line":17,"column":28},"end":{"line":17,"column":37}},{"start":{"line":17,"column":41},"end":{"line":17,"column":43}}],"line":17},"4":{"loc":{"start":{"line":19,"column":16},"end":{"line":19,"column":54}},"type":"binary-expr","locations":[{"start":{"line":19,"column":17},"end":{"line":19,"column":28}},{"start":{"line":19,"column":34},"end":{"line":19,"column":53}}],"line":19}},"s":{"0":1,"1":1,"2":0,"3":0,"4":0,"5":0,"6":0,"7":0,"8":0,"9":1},"f":{"0":0,"1":0},"b":{"0":[0,0],"1":[0,0],"2":[0,0],"3":[0,0,0],"4":[0,0]},"_coverageSchema":"332fd63041d2c1bcb487cc26dd0d5f7d97098a6c","hash":"3131982130cfd18132874c9923b4385e0b023932","contentHash":"3313f905c6137b759270a82411e9f01a_11.9.0"},"c:\\coding_local\\node-activedirectory\\lib\\services\\internal\\service.search.js":{"path":"c:\\coding_local\\node-activedirectory\\lib\\services\\internal\\service.search.js","statementMap":{"0":{"start":{"line":2,"column":42},"end":{"line":2,"column":59}},"1":{"start":{"line":3,"column":42},"end":{"line":3,"column":63}},"2":{"start":{"line":4,"column":42},"end":{"line":4,"column":75}},"3":{"start":{"line":5,"column":42},"end":{"line":5,"column":80}},"4":{"start":{"line":6,"column":42},"end":{"line":6,"column":74}},"5":{"start":{"line":7,"column":42},"end":{"line":7,"column":66}},"6":{"start":{"line":8,"column":42},"end":{"line":8,"column":66}},"7":{"start":{"line":9,"column":42},"end":{"line":9,"column":89}},"8":{"start":{"line":11,"column":42},"end":{"line":11,"column":90}},"9":{"start":{"line":12,"column":42},"end":{"line":12,"column":81}},"10":{"start":{"line":13,"column":42},"end":{"line":13,"column":90}},"11":{"start":{"line":14,"column":42},"end":{"line":14,"column":92}},"12":{"start":{"line":16,"column":42},"end":{"line":16,"column":46}},"13":{"start":{"line":28,"column":4},"end":{"line":115,"column":6}},"14":{"start":{"line":29,"column":28},"end":{"line":29,"column":38}},"15":{"start":{"line":30,"column":19},"end":{"line":30,"column":23}},"16":{"start":{"line":31,"column":22},"end":{"line":31,"column":24}},"17":{"start":{"line":32,"column":21},"end":{"line":32,"column":26}},"18":{"start":{"line":34,"column":8},"end":{"line":38,"column":9}},"19":{"start":{"line":35,"column":12},"end":{"line":35,"column":28}},"20":{"start":{"line":36,"column":12},"end":{"line":36,"column":26}},"21":{"start":{"line":37,"column":12},"end":{"line":37,"column":31}},"22":{"start":{"line":39,"column":8},"end":{"line":42,"column":9}},"23":{"start":{"line":40,"column":12},"end":{"line":40,"column":26}},"24":{"start":{"line":41,"column":12},"end":{"line":41,"column":31}},"25":{"start":{"line":43,"column":8},"end":{"line":43,"column":28}},"26":{"start":{"line":44,"column":8},"end":{"line":44,"column":67}},"27":{"start":{"line":45,"column":8},"end":{"line":45,"column":49}},"28":{"start":{"line":49,"column":23},"end":{"line":49,"column":60}},"29":{"start":{"line":51,"column":8},"end":{"line":55,"column":9}},"30":{"start":{"line":51,"column":50},"end":{"line":51,"column":103}},"31":{"start":{"line":52,"column":12},"end":{"line":53,"column":106}},"32":{"start":{"line":54,"column":12},"end":{"line":54,"column":94}},"33":{"start":{"line":56,"column":8},"end":{"line":62,"column":9}},"34":{"start":{"line":57,"column":12},"end":{"line":61,"column":13}},"35":{"start":{"line":57,"column":54},"end":{"line":57,"column":105}},"36":{"start":{"line":58,"column":16},"end":{"line":59,"column":110}},"37":{"start":{"line":60,"column":16},"end":{"line":60,"column":103}},"38":{"start":{"line":64,"column":8},"end":{"line":68,"column":10}},"39":{"start":{"line":71,"column":16},"end":{"line":99,"column":138}},"40":{"start":{"line":72,"column":12},"end":{"line":98,"column":15}},"41":{"start":{"line":73,"column":29},"end":{"line":73,"column":64}},"42":{"start":{"line":74,"column":16},"end":{"line":76,"column":19}},"43":{"start":{"line":75,"column":20},"end":{"line":75,"column":101}},"44":{"start":{"line":78,"column":16},"end":{"line":97,"column":19}},"45":{"start":{"line":79,"column":20},"end":{"line":81,"column":21}},"46":{"start":{"line":80,"column":24},"end":{"line":80,"column":36}},"47":{"start":{"line":83,"column":20},"end":{"line":85,"column":23}},"48":{"start":{"line":84,"column":24},"end":{"line":84,"column":107}},"49":{"start":{"line":86,"column":20},"end":{"line":88,"column":23}},"50":{"start":{"line":87,"column":24},"end":{"line":87,"column":101}},"51":{"start":{"line":89,"column":20},"end":{"line":91,"column":23}},"52":{"start":{"line":90,"column":24},"end":{"line":90,"column":106}},"53":{"start":{"line":92,"column":20},"end":{"line":95,"column":23}},"54":{"start":{"line":93,"column":24},"end":{"line":93,"column":38}},"55":{"start":{"line":94,"column":24},"end":{"line":94,"column":84}},"56":{"start":{"line":101,"column":8},"end":{"line":114,"column":11}},"57":{"start":{"line":101,"column":32},"end":{"line":101,"column":47}},"58":{"start":{"line":102,"column":12},"end":{"line":104,"column":13}},"59":{"start":{"line":103,"column":16},"end":{"line":103,"column":43}},"60":{"start":{"line":105,"column":12},"end":{"line":105,"column":39}},"61":{"start":{"line":109,"column":12},"end":{"line":111,"column":13}},"62":{"start":{"line":110,"column":16},"end":{"line":110,"column":30}},"63":{"start":{"line":112,"column":12},"end":{"line":112,"column":31}},"64":{"start":{"line":119,"column":0},"end":{"line":119,"column":24}}},"fnMap":{"0":{"name":"search","decl":{"start":{"line":27,"column":9},"end":{"line":27,"column":15}},"loc":{"start":{"line":27,"column":41},"end":{"line":117,"column":1}},"line":27},"1":{"name":"(anonymous_1)","decl":{"start":{"line":28,"column":23},"end":{"line":28,"column":24}},"loc":{"start":{"line":28,"column":44},"end":{"line":115,"column":5}},"line":28},"2":{"name":"(anonymous_2)","decl":{"start":{"line":51,"column":29},"end":{"line":51,"column":30}},"loc":{"start":{"line":51,"column":48},"end":{"line":51,"column":105}},"line":51},"3":{"name":"(anonymous_3)","decl":{"start":{"line":57,"column":33},"end":{"line":57,"column":34}},"loc":{"start":{"line":57,"column":52},"end":{"line":57,"column":107}},"line":57},"4":{"name":"(anonymous_4)","decl":{"start":{"line":71,"column":30},"end":{"line":71,"column":31}},"loc":{"start":{"line":71,"column":39},"end":{"line":99,"column":9}},"line":71},"5":{"name":"(anonymous_5)","decl":{"start":{"line":72,"column":31},"end":{"line":72,"column":32}},"loc":{"start":{"line":72,"column":52},"end":{"line":98,"column":13}},"line":72},"6":{"name":"(anonymous_6)","decl":{"start":{"line":74,"column":35},"end":{"line":74,"column":36}},"loc":{"start":{"line":74,"column":42},"end":{"line":76,"column":17}},"line":74},"7":{"name":"onSearch","decl":{"start":{"line":78,"column":76},"end":{"line":78,"column":84}},"loc":{"start":{"line":78,"column":95},"end":{"line":97,"column":17}},"line":78},"8":{"name":"(anonymous_8)","decl":{"start":{"line":83,"column":42},"end":{"line":83,"column":43}},"loc":{"start":{"line":83,"column":51},"end":{"line":85,"column":21}},"line":83},"9":{"name":"(anonymous_9)","decl":{"start":{"line":86,"column":46},"end":{"line":86,"column":47}},"loc":{"start":{"line":86,"column":53},"end":{"line":88,"column":21}},"line":86},"10":{"name":"(anonymous_10)","decl":{"start":{"line":89,"column":36},"end":{"line":89,"column":37}},"loc":{"start":{"line":89,"column":51},"end":{"line":91,"column":21}},"line":89},"11":{"name":"(anonymous_11)","decl":{"start":{"line":92,"column":34},"end":{"line":92,"column":35}},"loc":{"start":{"line":92,"column":52},"end":{"line":95,"column":21}},"line":92},"12":{"name":"(anonymous_12)","decl":{"start":{"line":101,"column":26},"end":{"line":101,"column":27}},"loc":{"start":{"line":101,"column":31},"end":{"line":101,"column":48}},"line":101},"13":{"name":"(anonymous_13)","decl":{"start":{"line":101,"column":56},"end":{"line":101,"column":57}},"loc":{"start":{"line":101,"column":67},"end":{"line":108,"column":9}},"line":101},"14":{"name":"(anonymous_14)","decl":{"start":{"line":108,"column":11},"end":{"line":108,"column":12}},"loc":{"start":{"line":108,"column":18},"end":{"line":114,"column":9}},"line":108}},"branchMap":{"0":{"loc":{"start":{"line":34,"column":8},"end":{"line":38,"column":9}},"type":"if","locations":[{"start":{"line":34,"column":8},"end":{"line":38,"column":9}},{"start":{"line":34,"column":8},"end":{"line":38,"column":9}}],"line":34},"1":{"loc":{"start":{"line":39,"column":8},"end":{"line":42,"column":9}},"type":"if","locations":[{"start":{"line":39,"column":8},"end":{"line":42,"column":9}},{"start":{"line":39,"column":8},"end":{"line":42,"column":9}}],"line":39},"2":{"loc":{"start":{"line":43,"column":8},"end":{"line":43,"column":27}},"type":"binary-expr","locations":[{"start":{"line":43,"column":8},"end":{"line":43,"column":12}},{"start":{"line":43,"column":17},"end":{"line":43,"column":26}}],"line":43},"3":{"loc":{"start":{"line":44,"column":8},"end":{"line":44,"column":66}},"type":"binary-expr","locations":[{"start":{"line":44,"column":8},"end":{"line":44,"column":14}},{"start":{"line":44,"column":19},"end":{"line":44,"column":39}},{"start":{"line":44,"column":45},"end":{"line":44,"column":65}}],"line":44},"4":{"loc":{"start":{"line":49,"column":23},"end":{"line":49,"column":60}},"type":"binary-expr","locations":[{"start":{"line":49,"column":23},"end":{"line":49,"column":36}},{"start":{"line":49,"column":41},"end":{"line":49,"column":59}}],"line":49},"5":{"loc":{"start":{"line":51,"column":8},"end":{"line":55,"column":9}},"type":"if","locations":[{"start":{"line":51,"column":8},"end":{"line":55,"column":9}},{"start":{"line":51,"column":8},"end":{"line":55,"column":9}}],"line":51},"6":{"loc":{"start":{"line":53,"column":56},"end":{"line":53,"column":104}},"type":"cond-expr","locations":[{"start":{"line":53,"column":81},"end":{"line":53,"column":96}},{"start":{"line":53,"column":99},"end":{"line":53,"column":104}}],"line":53},"7":{"loc":{"start":{"line":56,"column":8},"end":{"line":62,"column":9}},"type":"if","locations":[{"start":{"line":56,"column":8},"end":{"line":62,"column":9}},{"start":{"line":56,"column":8},"end":{"line":62,"column":9}}],"line":56},"8":{"loc":{"start":{"line":57,"column":12},"end":{"line":61,"column":13}},"type":"if","locations":[{"start":{"line":57,"column":12},"end":{"line":61,"column":13}},{"start":{"line":57,"column":12},"end":{"line":61,"column":13}}],"line":57},"9":{"loc":{"start":{"line":59,"column":60},"end":{"line":59,"column":108}},"type":"cond-expr","locations":[{"start":{"line":59,"column":85},"end":{"line":59,"column":100}},{"start":{"line":59,"column":103},"end":{"line":59,"column":108}}],"line":59},"10":{"loc":{"start":{"line":67,"column":12},"end":{"line":67,"column":60}},"type":"cond-expr","locations":[{"start":{"line":67,"column":37},"end":{"line":67,"column":52}},{"start":{"line":67,"column":55},"end":{"line":67,"column":60}}],"line":67},"11":{"loc":{"start":{"line":79,"column":20},"end":{"line":81,"column":21}},"type":"if","locations":[{"start":{"line":79,"column":20},"end":{"line":81,"column":21}},{"start":{"line":79,"column":20},"end":{"line":81,"column":21}}],"line":79},"12":{"loc":{"start":{"line":99,"column":19},"end":{"line":99,"column":84}},"type":"binary-expr","locations":[{"start":{"line":99,"column":19},"end":{"line":99,"column":46}},{"start":{"line":99,"column":50},"end":{"line":99,"column":84}}],"line":99},"13":{"loc":{"start":{"line":102,"column":12},"end":{"line":104,"column":13}},"type":"if","locations":[{"start":{"line":102,"column":12},"end":{"line":104,"column":13}},{"start":{"line":102,"column":12},"end":{"line":104,"column":13}}],"line":102},"14":{"loc":{"start":{"line":109,"column":12},"end":{"line":111,"column":13}},"type":"if","locations":[{"start":{"line":109,"column":12},"end":{"line":111,"column":13}},{"start":{"line":109,"column":12},"end":{"line":111,"column":13}}],"line":109}},"s":{"0":1,"1":1,"2":1,"3":1,"4":1,"5":1,"6":1,"7":1,"8":1,"9":1,"10":1,"11":1,"12":1,"13":0,"14":0,"15":0,"16":0,"17":0,"18":0,"19":0,"20":0,"21":0,"22":0,"23":0,"24":0,"25":0,"26":0,"27":0,"28":0,"29":0,"30":0,"31":0,"32":0,"33":0,"34":0,"35":0,"36":0,"37":0,"38":0,"39":0,"40":0,"41":0,"42":0,"43":0,"44":0,"45":0,"46":0,"47":0,"48":0,"49":0,"50":0,"51":0,"52":0,"53":0,"54":0,"55":0,"56":0,"57":0,"58":0,"59":0,"60":0,"61":0,"62":0,"63":0,"64":1},"f":{"0":0,"1":0,"2":0,"3":0,"4":0,"5":0,"6":0,"7":0,"8":0,"9":0,"10":0,"11":0,"12":0,"13":0,"14":0},"b":{"0":[0,0],"1":[0,0],"2":[0,0],"3":[0,0,0],"4":[0,0],"5":[0,0],"6":[0,0],"7":[0,0],"8":[0,0],"9":[0,0],"10":[0,0],"11":[0,0],"12":[0,0],"13":[0,0],"14":[0,0]},"_coverageSchema":"332fd63041d2c1bcb487cc26dd0d5f7d97098a6c","hash":"c70a2c7ab88f9ab4d1fab66553bb385dc778b873","contentHash":"9da2fe34069a18f0ff76b5916039798e_11.9.0"},"c:\\coding_local\\node-activedirectory\\lib\\services\\internal\\service.createClient.js":{"path":"c:\\coding_local\\node-activedirectory\\lib\\services\\internal\\service.createClient.js","statementMap":{"0":{"start":{"line":1,"column":26},"end":{"line":1,"column":47}},"1":{"start":{"line":2,"column":26},"end":{"line":2,"column":43}},"2":{"start":{"line":3,"column":26},"end":{"line":3,"column":50}},"3":{"start":{"line":4,"column":26},"end":{"line":4,"column":64}},"4":{"start":{"line":13,"column":21},"end":{"line":25,"column":1}},"5":{"start":{"line":15,"column":4},"end":{"line":15,"column":71}},"6":{"start":{"line":16,"column":4},"end":{"line":18,"column":5}},"7":{"start":{"line":17,"column":8},"end":{"line":17,"column":61}},"8":{"start":{"line":19,"column":4},"end":{"line":19,"column":39}},"9":{"start":{"line":21,"column":15},"end":{"line":21,"column":79}},"10":{"start":{"line":22,"column":4},"end":{"line":22,"column":117}},"11":{"start":{"line":23,"column":17},"end":{"line":23,"column":40}},"12":{"start":{"line":24,"column":4},"end":{"line":24,"column":20}},"13":{"start":{"line":27,"column":0},"end":{"line":27,"column":30}}},"fnMap":{"0":{"name":"(anonymous_0)","decl":{"start":{"line":13,"column":21},"end":{"line":13,"column":22}},"loc":{"start":{"line":13,"column":41},"end":{"line":25,"column":1}},"line":13}},"branchMap":{"0":{"loc":{"start":{"line":15,"column":10},"end":{"line":15,"column":70}},"type":"binary-expr","locations":[{"start":{"line":15,"column":10},"end":{"line":15,"column":13}},{"start":{"line":15,"column":17},"end":{"line":15,"column":25}},{"start":{"line":15,"column":29},"end":{"line":15,"column":50}},{"start":{"line":15,"column":54},"end":{"line":15,"column":70}}],"line":15},"1":{"loc":{"start":{"line":15,"column":30},"end":{"line":15,"column":45}},"type":"binary-expr","locations":[{"start":{"line":15,"column":30},"end":{"line":15,"column":39}},{"start":{"line":15,"column":43},"end":{"line":15,"column":45}}],"line":15},"2":{"loc":{"start":{"line":15,"column":55},"end":{"line":15,"column":65}},"type":"binary-expr","locations":[{"start":{"line":15,"column":55},"end":{"line":15,"column":59}},{"start":{"line":15,"column":63},"end":{"line":15,"column":65}}],"line":15},"3":{"loc":{"start":{"line":16,"column":4},"end":{"line":18,"column":5}},"type":"if","locations":[{"start":{"line":16,"column":4},"end":{"line":18,"column":5}},{"start":{"line":16,"column":4},"end":{"line":18,"column":5}}],"line":16}},"s":{"0":1,"1":1,"2":1,"3":1,"4":1,"5":2,"6":2,"7":0,"8":2,"9":2,"10":2,"11":2,"12":2,"13":1},"f":{"0":2},"b":{"0":[2,2,2,0],"1":[2,0],"2":[0,0],"3":[0,2]},"_coverageSchema":"332fd63041d2c1bcb487cc26dd0d5f7d97098a6c","hash":"50084cf7f92b837943fd6fb320346fe0985312ba","contentHash":"beff473c4087203dfbb6ae8311f08f44_11.9.0"},"c:\\coding_local\\node-activedirectory\\lib\\services\\internal\\service.getLdapClientOpts.js":{"path":"c:\\coding_local\\node-activedirectory\\lib\\services\\internal\\service.getLdapClientOpts.js","statementMap":{"0":{"start":{"line":1,"column":22},"end":{"line":1,"column":43}},"1":{"start":{"line":2,"column":22},"end":{"line":2,"column":71}},"2":{"start":{"line":9,"column":26},"end":{"line":26,"column":1}},"3":{"start":{"line":11,"column":16},"end":{"line":19,"column":5}},"4":{"start":{"line":21,"column":4},"end":{"line":23,"column":5}},"5":{"start":{"line":22,"column":8},"end":{"line":22,"column":50}},"6":{"start":{"line":25,"column":4},"end":{"line":25,"column":16}},"7":{"start":{"line":28,"column":0},"end":{"line":28,"column":35}}},"fnMap":{"0":{"name":"(anonymous_0)","decl":{"start":{"line":9,"column":26},"end":{"line":9,"column":27}},"loc":{"start":{"line":9,"column":42},"end":{"line":26,"column":1}},"line":9}},"branchMap":{"0":{"loc":{"start":{"line":11,"column":23},"end":{"line":11,"column":33}},"type":"binary-expr","locations":[{"start":{"line":11,"column":23},"end":{"line":11,"column":27}},{"start":{"line":11,"column":31},"end":{"line":11,"column":33}}],"line":11},"1":{"loc":{"start":{"line":22,"column":20},"end":{"line":22,"column":49}},"type":"binary-expr","locations":[{"start":{"line":22,"column":20},"end":{"line":22,"column":29}},{"start":{"line":22,"column":33},"end":{"line":22,"column":49}}],"line":22}},"s":{"0":1,"1":1,"2":1,"3":2,"4":2,"5":8,"6":2,"7":1},"f":{"0":2},"b":{"0":[2,0],"1":[8,8]},"_coverageSchema":"332fd63041d2c1bcb487cc26dd0d5f7d97098a6c","hash":"78ea78f0067b5e321139c70a99e922b74146fca9","contentHash":"f7f91a55b372f01c0953f20bfe6e7e99_11.9.0"},"c:\\coding_local\\node-activedirectory\\lib\\configs\\config.defaultClientOpts.js":{"path":"c:\\coding_local\\node-activedirectory\\lib\\configs\\config.defaultClientOpts.js","statementMap":{"0":{"start":{"line":1,"column":0},"end":{"line":6,"column":1}}},"fnMap":{},"branchMap":{},"s":{"0":1},"f":{},"b":{},"_coverageSchema":"332fd63041d2c1bcb487cc26dd0d5f7d97098a6c","hash":"dcc7b598f2ed1746cdd6a3ee250a0d4dfa81c870","contentHash":"5ece93300964a3448bdb1f500358d675_11.9.0"},"c:\\coding_local\\node-activedirectory\\lib\\services\\internal\\service.truncateLogOutput.js":{"path":"c:\\coding_local\\node-activedirectory\\lib\\services\\internal\\service.truncateLogOutput.js","statementMap":{"0":{"start":{"line":1,"column":26},"end":{"line":1,"column":29}},"1":{"start":{"line":3,"column":26},"end":{"line":15,"column":1}},"2":{"start":{"line":4,"column":4},"end":{"line":4,"column":72}},"3":{"start":{"line":4,"column":44},"end":{"line":4,"column":72}},"4":{"start":{"line":5,"column":4},"end":{"line":5,"column":33}},"5":{"start":{"line":5,"column":17},"end":{"line":5,"column":33}},"6":{"start":{"line":7,"column":4},"end":{"line":7,"column":65}},"7":{"start":{"line":7,"column":38},"end":{"line":7,"column":65}},"8":{"start":{"line":8,"column":17},"end":{"line":8,"column":30}},"9":{"start":{"line":9,"column":4},"end":{"line":9,"column":65}},"10":{"start":{"line":9,"column":49},"end":{"line":9,"column":65}},"11":{"start":{"line":11,"column":17},"end":{"line":11,"column":47}},"12":{"start":{"line":12,"column":17},"end":{"line":12,"column":48}},"13":{"start":{"line":13,"column":4},"end":{"line":14,"column":39}},"14":{"start":{"line":17,"column":0},"end":{"line":17,"column":35}}},"fnMap":{"0":{"name":"(anonymous_0)","decl":{"start":{"line":3,"column":26},"end":{"line":3,"column":27}},"loc":{"start":{"line":3,"column":49},"end":{"line":15,"column":1}},"line":3}},"branchMap":{"0":{"loc":{"start":{"line":4,"column":4},"end":{"line":4,"column":72}},"type":"if","locations":[{"start":{"line":4,"column":4},"end":{"line":4,"column":72}},{"start":{"line":4,"column":4},"end":{"line":4,"column":72}}],"line":4},"1":{"loc":{"start":{"line":5,"column":4},"end":{"line":5,"column":33}},"type":"if","locations":[{"start":{"line":5,"column":4},"end":{"line":5,"column":33}},{"start":{"line":5,"column":4},"end":{"line":5,"column":33}}],"line":5},"2":{"loc":{"start":{"line":7,"column":4},"end":{"line":7,"column":65}},"type":"if","locations":[{"start":{"line":7,"column":4},"end":{"line":7,"column":65}},{"start":{"line":7,"column":4},"end":{"line":7,"column":65}}],"line":7},"3":{"loc":{"start":{"line":9,"column":4},"end":{"line":9,"column":65}},"type":"if","locations":[{"start":{"line":9,"column":4},"end":{"line":9,"column":65}},{"start":{"line":9,"column":4},"end":{"line":9,"column":65}}],"line":9},"4":{"loc":{"start":{"line":9,"column":8},"end":{"line":9,"column":47}},"type":"binary-expr","locations":[{"start":{"line":9,"column":9},"end":{"line":9,"column":16}},{"start":{"line":9,"column":22},"end":{"line":9,"column":46}}],"line":9}},"s":{"0":1,"1":1,"2":0,"3":0,"4":0,"5":0,"6":0,"7":0,"8":0,"9":0,"10":0,"11":0,"12":0,"13":0,"14":1},"f":{"0":0},"b":{"0":[0,0],"1":[0,0],"2":[0,0],"3":[0,0],"4":[0,0]},"_coverageSchema":"332fd63041d2c1bcb487cc26dd0d5f7d97098a6c","hash":"c320fae2087158dee19e239de48c8bbe65e35971","contentHash":"144a48dd39dc39990dc9b66cc1e388a2_11.9.0"},"c:\\coding_local\\node-activedirectory\\lib\\services\\internal\\service.getLdapOpts.js":{"path":"c:\\coding_local\\node-activedirectory\\lib\\services\\internal\\service.getLdapOpts.js","statementMap":{"0":{"start":{"line":1,"column":26},"end":{"line":1,"column":47}},"1":{"start":{"line":2,"column":26},"end":{"line":2,"column":64}},"2":{"start":{"line":3,"column":26},"end":{"line":3,"column":64}},"3":{"start":{"line":10,"column":20},"end":{"line":12,"column":1}},"4":{"start":{"line":11,"column":4},"end":{"line":11,"column":78}},"5":{"start":{"line":13,"column":0},"end":{"line":13,"column":29}}},"fnMap":{"0":{"name":"(anonymous_0)","decl":{"start":{"line":10,"column":20},"end":{"line":10,"column":21}},"loc":{"start":{"line":10,"column":30},"end":{"line":12,"column":1}},"line":10}},"branchMap":{},"s":{"0":1,"1":1,"2":1,"3":1,"4":0,"5":1},"f":{"0":0},"b":{},"_coverageSchema":"332fd63041d2c1bcb487cc26dd0d5f7d97098a6c","hash":"58797f1aadaf1d2a5923a1bc168e6f6a38c8587b","contentHash":"2d718f0cb96c298a7f72beb5dc9eb4c3_11.9.0"},"c:\\coding_local\\node-activedirectory\\lib\\services\\internal\\service.getLdapSearchOpts.js":{"path":"c:\\coding_local\\node-activedirectory\\lib\\services\\internal\\service.getLdapSearchOpts.js","statementMap":{"0":{"start":{"line":1,"column":14},"end":{"line":1,"column":35}},"1":{"start":{"line":9,"column":26},"end":{"line":16,"column":1}},"2":{"start":{"line":10,"column":4},"end":{"line":15,"column":7}},"3":{"start":{"line":18,"column":0},"end":{"line":18,"column":35}}},"fnMap":{"0":{"name":"(anonymous_0)","decl":{"start":{"line":9,"column":26},"end":{"line":9,"column":27}},"loc":{"start":{"line":9,"column":36},"end":{"line":16,"column":1}},"line":9}},"branchMap":{"0":{"loc":{"start":{"line":10,"column":19},"end":{"line":10,"column":29}},"type":"binary-expr","locations":[{"start":{"line":10,"column":19},"end":{"line":10,"column":23}},{"start":{"line":10,"column":27},"end":{"line":10,"column":29}}],"line":10}},"s":{"0":1,"1":1,"2":0,"3":1},"f":{"0":0},"b":{"0":[0,0]},"_coverageSchema":"332fd63041d2c1bcb487cc26dd0d5f7d97098a6c","hash":"f5b036bff91d77fc44bd60b48c93aec430ae86b1","contentHash":"b6cd18a0010e91ee2825d88b74c3431f_11.9.0"},"c:\\coding_local\\node-activedirectory\\lib\\configs\\config.maxPromiseGroup.js":{"path":"c:\\coding_local\\node-activedirectory\\lib\\configs\\config.maxPromiseGroup.js","statementMap":{"0":{"start":{"line":2,"column":0},"end":{"line":18,"column":1}}},"fnMap":{},"branchMap":{},"s":{"0":1},"f":{},"b":{},"_coverageSchema":"332fd63041d2c1bcb487cc26dd0d5f7d97098a6c","hash":"7d455a0680823e158fdb59aa5b97f4baa43aa36c","contentHash":"5f57414d21cd313ac5452d8a019b2306_11.9.0"},"c:\\coding_local\\node-activedirectory\\lib\\services\\internal\\search\\service.search.onClientError.js":{"path":"c:\\coding_local\\node-activedirectory\\lib\\services\\internal\\search\\service.search.onClientError.js","statementMap":{"0":{"start":{"line":1,"column":22},"end":{"line":1,"column":47}},"1":{"start":{"line":19,"column":4},"end":{"line":22,"column":5}},"2":{"start":{"line":20,"column":8},"end":{"line":20,"column":68}},"3":{"start":{"line":21,"column":8},"end":{"line":21,"column":15}},"4":{"start":{"line":24,"column":4},"end":{"line":26,"column":5}},"5":{"start":{"line":25,"column":8},"end":{"line":25,"column":56}},"6":{"start":{"line":28,"column":4},"end":{"line":30,"column":5}},"7":{"start":{"line":31,"column":4},"end":{"line":39,"column":5}},"8":{"start":{"line":32,"column":8},"end":{"line":36,"column":11}},"9":{"start":{"line":35,"column":16},"end":{"line":35,"column":35}},"10":{"start":{"line":38,"column":8},"end":{"line":38,"column":27}},"11":{"start":{"line":44,"column":0},"end":{"line":44,"column":31}}},"fnMap":{"0":{"name":"onClientError","decl":{"start":{"line":16,"column":9},"end":{"line":16,"column":22}},"loc":{"start":{"line":16,"column":91},"end":{"line":42,"column":1}},"line":16},"1":{"name":"(anonymous_1)","decl":{"start":{"line":32,"column":22},"end":{"line":32,"column":23}},"loc":{"start":{"line":32,"column":28},"end":{"line":36,"column":9}},"line":32}},"branchMap":{"0":{"loc":{"start":{"line":19,"column":4},"end":{"line":22,"column":5}},"type":"if","locations":[{"start":{"line":19,"column":4},"end":{"line":22,"column":5}},{"start":{"line":19,"column":4},"end":{"line":22,"column":5}}],"line":19},"1":{"loc":{"start":{"line":19,"column":9},"end":{"line":19,"column":18}},"type":"binary-expr","locations":[{"start":{"line":19,"column":9},"end":{"line":19,"column":12}},{"start":{"line":19,"column":16},"end":{"line":19,"column":18}}],"line":19},"2":{"loc":{"start":{"line":24,"column":4},"end":{"line":26,"column":5}},"type":"if","locations":[{"start":{"line":24,"column":4},"end":{"line":26,"column":5}},{"start":{"line":24,"column":4},"end":{"line":26,"column":5}}],"line":24},"3":{"loc":{"start":{"line":24,"column":8},"end":{"line":24,"column":17}},"type":"binary-expr","locations":[{"start":{"line":24,"column":8},"end":{"line":24,"column":11}},{"start":{"line":24,"column":15},"end":{"line":24,"column":17}}],"line":24},"4":{"loc":{"start":{"line":28,"column":4},"end":{"line":30,"column":5}},"type":"if","locations":[{"start":{"line":28,"column":4},"end":{"line":30,"column":5}},{"start":{"line":28,"column":4},"end":{"line":30,"column":5}}],"line":28},"5":{"loc":{"start":{"line":28,"column":8},"end":{"line":28,"column":17}},"type":"binary-expr","locations":[{"start":{"line":28,"column":8},"end":{"line":28,"column":11}},{"start":{"line":28,"column":15},"end":{"line":28,"column":17}}],"line":28},"6":{"loc":{"start":{"line":31,"column":4},"end":{"line":39,"column":5}},"type":"if","locations":[{"start":{"line":31,"column":4},"end":{"line":39,"column":5}},{"start":{"line":31,"column":4},"end":{"line":39,"column":5}}],"line":31}},"s":{"0":1,"1":0,"2":0,"3":0,"4":0,"5":0,"6":0,"7":0,"8":0,"9":0,"10":0,"11":1},"f":{"0":0,"1":0},"b":{"0":[0,0],"1":[0,0],"2":[0,0],"3":[0,0],"4":[0,0],"5":[0,0],"6":[0,0]},"_coverageSchema":"332fd63041d2c1bcb487cc26dd0d5f7d97098a6c","hash":"8f9d3d3c4ff7eb53aca79a5e7b13bd5f9aa8726b","contentHash":"36bcb864ca5c738b6ded989cea123b9b_11.9.0"},"c:\\coding_local\\node-activedirectory\\lib\\services\\internal\\search\\service.onSearchEnd.js":{"path":"c:\\coding_local\\node-activedirectory\\lib\\services\\internal\\search\\service.onSearchEnd.js","statementMap":{"0":{"start":{"line":1,"column":38},"end":{"line":1,"column":88}},"1":{"start":{"line":2,"column":38},"end":{"line":2,"column":82}},"2":{"start":{"line":3,"column":38},"end":{"line":3,"column":63}},"3":{"start":{"line":4,"column":38},"end":{"line":4,"column":77}},"4":{"start":{"line":15,"column":4},"end":{"line":23,"column":5}},"5":{"start":{"line":16,"column":8},"end":{"line":22,"column":9}},"6":{"start":{"line":17,"column":12},"end":{"line":19,"column":15}},"7":{"start":{"line":18,"column":16},"end":{"line":18,"column":40}},"8":{"start":{"line":21,"column":12},"end":{"line":21,"column":36}},"9":{"start":{"line":26,"column":0},"end":{"line":26,"column":29}}},"fnMap":{"0":{"name":"onSearchEnd","decl":{"start":{"line":14,"column":9},"end":{"line":14,"column":20}},"loc":{"start":{"line":14,"column":69},"end":{"line":24,"column":1}},"line":14},"1":{"name":"(anonymous_1)","decl":{"start":{"line":17,"column":27},"end":{"line":17,"column":28}},"loc":{"start":{"line":17,"column":33},"end":{"line":19,"column":13}},"line":17}},"branchMap":{"0":{"loc":{"start":{"line":15,"column":4},"end":{"line":23,"column":5}},"type":"if","locations":[{"start":{"line":15,"column":4},"end":{"line":23,"column":5}},{"start":{"line":15,"column":4},"end":{"line":23,"column":5}}],"line":15},"1":{"loc":{"start":{"line":15,"column":8},"end":{"line":15,"column":79}},"type":"binary-expr","locations":[{"start":{"line":15,"column":9},"end":{"line":15,"column":38}},{"start":{"line":15,"column":44},"end":{"line":15,"column":78}}],"line":15},"2":{"loc":{"start":{"line":16,"column":8},"end":{"line":22,"column":9}},"type":"if","locations":[{"start":{"line":16,"column":8},"end":{"line":22,"column":9}},{"start":{"line":16,"column":8},"end":{"line":22,"column":9}}],"line":16}},"s":{"0":1,"1":1,"2":1,"3":1,"4":0,"5":0,"6":0,"7":0,"8":0,"9":1},"f":{"0":0,"1":0},"b":{"0":[0,0],"1":[0,0],"2":[0,0]},"_coverageSchema":"332fd63041d2c1bcb487cc26dd0d5f7d97098a6c","hash":"1543caad433caa84bb7117beae9720bcb4097fdb","contentHash":"bd9e713ca0fddddb3e05763492ab6299_11.9.0"},"c:\\coding_local\\node-activedirectory\\lib\\services\\internal\\search\\service.search.pendingRangeRetrievals.js":{"path":"c:\\coding_local\\node-activedirectory\\lib\\services\\internal\\search\\service.search.pendingRangeRetrievals.js","statementMap":{"0":{"start":{"line":2,"column":28},"end":{"line":2,"column":29}},"1":{"start":{"line":4,"column":15},"end":{"line":6,"column":1}},"2":{"start":{"line":5,"column":4},"end":{"line":5,"column":35}},"3":{"start":{"line":8,"column":21},"end":{"line":10,"column":1}},"4":{"start":{"line":9,"column":4},"end":{"line":9,"column":35}},"5":{"start":{"line":12,"column":12},"end":{"line":14,"column":1}},"6":{"start":{"line":13,"column":4},"end":{"line":13,"column":33}},"7":{"start":{"line":16,"column":0},"end":{"line":20,"column":1}}},"fnMap":{"0":{"name":"(anonymous_0)","decl":{"start":{"line":4,"column":15},"end":{"line":4,"column":16}},"loc":{"start":{"line":4,"column":21},"end":{"line":6,"column":1}},"line":4},"1":{"name":"(anonymous_1)","decl":{"start":{"line":8,"column":21},"end":{"line":8,"column":22}},"loc":{"start":{"line":8,"column":27},"end":{"line":10,"column":1}},"line":8},"2":{"name":"(anonymous_2)","decl":{"start":{"line":12,"column":12},"end":{"line":12,"column":13}},"loc":{"start":{"line":12,"column":18},"end":{"line":14,"column":1}},"line":12}},"branchMap":{},"s":{"0":1,"1":1,"2":0,"3":1,"4":0,"5":1,"6":0,"7":1},"f":{"0":0,"1":0,"2":0},"b":{},"_coverageSchema":"332fd63041d2c1bcb487cc26dd0d5f7d97098a6c","hash":"f7cf14ff2364ed45aa3f228afd235b062d6ef152","contentHash":"2773ff36a42ad8fe3be8ffbec6ef5155_11.9.0"},"c:\\coding_local\\node-activedirectory\\lib\\services\\internal\\search\\service.search.pendingReferrals.js":{"path":"c:\\coding_local\\node-activedirectory\\lib\\services\\internal\\search\\service.search.pendingReferrals.js","statementMap":{"0":{"start":{"line":1,"column":23},"end":{"line":1,"column":25}},"1":{"start":{"line":3,"column":13},"end":{"line":5,"column":1}},"2":{"start":{"line":4,"column":4},"end":{"line":4,"column":42}},"3":{"start":{"line":7,"column":12},"end":{"line":9,"column":1}},"4":{"start":{"line":8,"column":4},"end":{"line":8,"column":28}},"5":{"start":{"line":11,"column":0},"end":{"line":13,"column":2}}},"fnMap":{"0":{"name":"(anonymous_0)","decl":{"start":{"line":3,"column":13},"end":{"line":3,"column":14}},"loc":{"start":{"line":3,"column":26},"end":{"line":5,"column":1}},"line":3},"1":{"name":"(anonymous_1)","decl":{"start":{"line":7,"column":12},"end":{"line":7,"column":13}},"loc":{"start":{"line":7,"column":18},"end":{"line":9,"column":1}},"line":7}},"branchMap":{},"s":{"0":1,"1":1,"2":0,"3":1,"4":0,"5":1},"f":{"0":0,"1":0},"b":{},"_coverageSchema":"332fd63041d2c1bcb487cc26dd0d5f7d97098a6c","hash":"909f0263de8997d2dcfba0cbe8a7db21e6db92ba","contentHash":"4f40280162353c62829197a345f9395c_11.9.0"},"c:\\coding_local\\node-activedirectory\\lib\\services\\internal\\search\\service.search.onSearchEntry.js":{"path":"c:\\coding_local\\node-activedirectory\\lib\\services\\internal\\search\\service.search.onSearchEntry.js","statementMap":{"0":{"start":{"line":1,"column":34},"end":{"line":1,"column":76}},"1":{"start":{"line":2,"column":34},"end":{"line":2,"column":84}},"2":{"start":{"line":3,"column":34},"end":{"line":3,"column":59}},"3":{"start":{"line":4,"column":34},"end":{"line":4,"column":66}},"4":{"start":{"line":20,"column":22},"end":{"line":22,"column":5}},"5":{"start":{"line":21,"column":8},"end":{"line":21,"column":23}},"6":{"start":{"line":24,"column":4},"end":{"line":24,"column":42}},"7":{"start":{"line":25,"column":17},"end":{"line":25,"column":29}},"8":{"start":{"line":26,"column":4},"end":{"line":26,"column":27}},"9":{"start":{"line":30,"column":4},"end":{"line":30,"column":36}},"10":{"start":{"line":31,"column":4},"end":{"line":41,"column":7}},"11":{"start":{"line":32,"column":8},"end":{"line":32,"column":46}},"12":{"start":{"line":34,"column":8},"end":{"line":34,"column":37}},"13":{"start":{"line":34,"column":17},"end":{"line":34,"column":37}},"14":{"start":{"line":35,"column":8},"end":{"line":40,"column":11}},"15":{"start":{"line":36,"column":12},"end":{"line":36,"column":41}},"16":{"start":{"line":36,"column":22},"end":{"line":36,"column":41}},"17":{"start":{"line":37,"column":12},"end":{"line":39,"column":13}},"18":{"start":{"line":38,"column":16},"end":{"line":38,"column":76}},"19":{"start":{"line":44,"column":0},"end":{"line":44,"column":31}}},"fnMap":{"0":{"name":"onSearchEntry","decl":{"start":{"line":14,"column":9},"end":{"line":14,"column":22}},"loc":{"start":{"line":14,"column":92},"end":{"line":42,"column":1}},"line":14},"1":{"name":"onEntryParser","decl":{"start":{"line":20,"column":92},"end":{"line":20,"column":105}},"loc":{"start":{"line":20,"column":127},"end":{"line":22,"column":5}},"line":20},"2":{"name":"(anonymous_2)","decl":{"start":{"line":31,"column":50},"end":{"line":31,"column":51}},"loc":{"start":{"line":31,"column":71},"end":{"line":41,"column":5}},"line":31},"3":{"name":"(anonymous_3)","decl":{"start":{"line":35,"column":37},"end":{"line":35,"column":38}},"loc":{"start":{"line":35,"column":53},"end":{"line":40,"column":9}},"line":35}},"branchMap":{"0":{"loc":{"start":{"line":20,"column":22},"end":{"line":22,"column":5}},"type":"binary-expr","locations":[{"start":{"line":20,"column":22},"end":{"line":20,"column":46}},{"start":{"line":20,"column":50},"end":{"line":20,"column":79}},{"start":{"line":20,"column":83},"end":{"line":22,"column":5}}],"line":20},"1":{"loc":{"start":{"line":20,"column":23},"end":{"line":20,"column":33}},"type":"binary-expr","locations":[{"start":{"line":20,"column":23},"end":{"line":20,"column":27}},{"start":{"line":20,"column":31},"end":{"line":20,"column":33}}],"line":20},"2":{"loc":{"start":{"line":20,"column":51},"end":{"line":20,"column":66}},"type":"binary-expr","locations":[{"start":{"line":20,"column":51},"end":{"line":20,"column":60}},{"start":{"line":20,"column":64},"end":{"line":20,"column":66}}],"line":20},"3":{"loc":{"start":{"line":34,"column":8},"end":{"line":34,"column":37}},"type":"if","locations":[{"start":{"line":34,"column":8},"end":{"line":34,"column":37}},{"start":{"line":34,"column":8},"end":{"line":34,"column":37}}],"line":34},"4":{"loc":{"start":{"line":36,"column":12},"end":{"line":36,"column":41}},"type":"if","locations":[{"start":{"line":36,"column":12},"end":{"line":36,"column":41}},{"start":{"line":36,"column":12},"end":{"line":36,"column":41}}],"line":36},"5":{"loc":{"start":{"line":37,"column":12},"end":{"line":39,"column":13}},"type":"if","locations":[{"start":{"line":37,"column":12},"end":{"line":39,"column":13}},{"start":{"line":37,"column":12},"end":{"line":39,"column":13}}],"line":37},"6":{"loc":{"start":{"line":37,"column":16},"end":{"line":37,"column":59}},"type":"binary-expr","locations":[{"start":{"line":37,"column":17},"end":{"line":37,"column":46}},{"start":{"line":37,"column":52},"end":{"line":37,"column":58}}],"line":37}},"s":{"0":1,"1":1,"2":1,"3":1,"4":0,"5":0,"6":0,"7":0,"8":0,"9":0,"10":0,"11":0,"12":0,"13":0,"14":0,"15":0,"16":0,"17":0,"18":0,"19":1},"f":{"0":0,"1":0,"2":0,"3":0},"b":{"0":[0,0,0],"1":[0,0],"2":[0,0],"3":[0,0],"4":[0,0],"5":[0,0],"6":[0,0]},"_coverageSchema":"332fd63041d2c1bcb487cc26dd0d5f7d97098a6c","hash":"b3db028ca6022a20422270b5bc4c216edc31973d","contentHash":"5a56bb8ead6c0df34c435ed638c1ec95_11.9.0"},"c:\\coding_local\\node-activedirectory\\lib\\services\\internal\\service.parseRangeAttributes.js":{"path":"c:\\coding_local\\node-activedirectory\\lib\\services\\internal\\service.parseRangeAttributes.js","statementMap":{"0":{"start":{"line":1,"column":42},"end":{"line":1,"column":63}},"1":{"start":{"line":2,"column":42},"end":{"line":2,"column":66}},"2":{"start":{"line":3,"column":42},"end":{"line":3,"column":85}},"3":{"start":{"line":4,"column":42},"end":{"line":4,"column":69}},"4":{"start":{"line":5,"column":42},"end":{"line":5,"column":98}},"5":{"start":{"line":16,"column":29},"end":{"line":84,"column":1}},"6":{"start":{"line":17,"column":4},"end":{"line":17,"column":59}},"7":{"start":{"line":18,"column":15},"end":{"line":18,"column":19}},"8":{"start":{"line":22,"column":4},"end":{"line":25,"column":5}},"9":{"start":{"line":23,"column":8},"end":{"line":23,"column":31}},"10":{"start":{"line":24,"column":8},"end":{"line":24,"column":15}},"11":{"start":{"line":29,"column":26},"end":{"line":29,"column":95}},"12":{"start":{"line":30,"column":4},"end":{"line":33,"column":5}},"13":{"start":{"line":31,"column":8},"end":{"line":31,"column":31}},"14":{"start":{"line":32,"column":8},"end":{"line":32,"column":15}},"15":{"start":{"line":37,"column":26},"end":{"line":37,"column":28}},"16":{"start":{"line":38,"column":4},"end":{"line":50,"column":7}},"17":{"start":{"line":40,"column":8},"end":{"line":40,"column":93}},"18":{"start":{"line":40,"column":51},"end":{"line":40,"column":93}},"19":{"start":{"line":41,"column":8},"end":{"line":41,"column":108}},"20":{"start":{"line":42,"column":8},"end":{"line":42,"column":51}},"21":{"start":{"line":46,"column":29},"end":{"line":46,"column":50}},"22":{"start":{"line":47,"column":8},"end":{"line":49,"column":9}},"23":{"start":{"line":48,"column":12},"end":{"line":48,"column":60}},"24":{"start":{"line":53,"column":4},"end":{"line":57,"column":5}},"25":{"start":{"line":54,"column":8},"end":{"line":54,"column":90}},"26":{"start":{"line":55,"column":8},"end":{"line":55,"column":31}},"27":{"start":{"line":56,"column":8},"end":{"line":56,"column":15}},"28":{"start":{"line":59,"column":4},"end":{"line":60,"column":53}},"29":{"start":{"line":62,"column":4},"end":{"line":65,"column":13}},"30":{"start":{"line":66,"column":4},"end":{"line":83,"column":7}},"31":{"start":{"line":67,"column":8},"end":{"line":70,"column":9}},"32":{"start":{"line":68,"column":12},"end":{"line":68,"column":26}},"33":{"start":{"line":69,"column":12},"end":{"line":69,"column":19}},"34":{"start":{"line":73,"column":19},"end":{"line":73,"column":37}},"35":{"start":{"line":74,"column":8},"end":{"line":81,"column":9}},"36":{"start":{"line":75,"column":12},"end":{"line":80,"column":13}},"37":{"start":{"line":76,"column":16},"end":{"line":76,"column":61}},"38":{"start":{"line":76,"column":39},"end":{"line":76,"column":61}},"39":{"start":{"line":77,"column":16},"end":{"line":79,"column":17}},"40":{"start":{"line":78,"column":20},"end":{"line":78,"column":81}},"41":{"start":{"line":82,"column":8},"end":{"line":82,"column":31}},"42":{"start":{"line":86,"column":0},"end":{"line":86,"column":38}}},"fnMap":{"0":{"name":"(anonymous_0)","decl":{"start":{"line":16,"column":29},"end":{"line":16,"column":30}},"loc":{"start":{"line":16,"column":62},"end":{"line":84,"column":1}},"line":16},"1":{"name":"(anonymous_1)","decl":{"start":{"line":38,"column":28},"end":{"line":38,"column":29}},"loc":{"start":{"line":38,"column":61},"end":{"line":50,"column":5}},"line":38},"2":{"name":"onSearch","decl":{"start":{"line":66,"column":37},"end":{"line":66,"column":45}},"loc":{"start":{"line":66,"column":60},"end":{"line":83,"column":5}},"line":66}},"branchMap":{"0":{"loc":{"start":{"line":22,"column":4},"end":{"line":25,"column":5}},"type":"if","locations":[{"start":{"line":22,"column":4},"end":{"line":25,"column":5}},{"start":{"line":22,"column":4},"end":{"line":25,"column":5}}],"line":22},"1":{"loc":{"start":{"line":30,"column":4},"end":{"line":33,"column":5}},"type":"if","locations":[{"start":{"line":30,"column":4},"end":{"line":33,"column":5}},{"start":{"line":30,"column":4},"end":{"line":33,"column":5}}],"line":30},"2":{"loc":{"start":{"line":30,"column":8},"end":{"line":30,"column":59}},"type":"binary-expr","locations":[{"start":{"line":30,"column":9},"end":{"line":30,"column":25}},{"start":{"line":30,"column":31},"end":{"line":30,"column":58}}],"line":30},"3":{"loc":{"start":{"line":40,"column":8},"end":{"line":40,"column":93}},"type":"if","locations":[{"start":{"line":40,"column":8},"end":{"line":40,"column":93}},{"start":{"line":40,"column":8},"end":{"line":40,"column":93}}],"line":40},"4":{"loc":{"start":{"line":47,"column":8},"end":{"line":49,"column":9}},"type":"if","locations":[{"start":{"line":47,"column":8},"end":{"line":49,"column":9}},{"start":{"line":47,"column":8},"end":{"line":49,"column":9}}],"line":47},"5":{"loc":{"start":{"line":47,"column":12},"end":{"line":47,"column":62}},"type":"binary-expr","locations":[{"start":{"line":47,"column":13},"end":{"line":47,"column":27}},{"start":{"line":47,"column":33},"end":{"line":47,"column":61}}],"line":47},"6":{"loc":{"start":{"line":53,"column":4},"end":{"line":57,"column":5}},"type":"if","locations":[{"start":{"line":53,"column":4},"end":{"line":57,"column":5}},{"start":{"line":53,"column":4},"end":{"line":57,"column":5}}],"line":53},"7":{"loc":{"start":{"line":67,"column":8},"end":{"line":70,"column":9}},"type":"if","locations":[{"start":{"line":67,"column":8},"end":{"line":70,"column":9}},{"start":{"line":67,"column":8},"end":{"line":70,"column":9}}],"line":67},"8":{"loc":{"start":{"line":73,"column":20},"end":{"line":73,"column":33}},"type":"binary-expr","locations":[{"start":{"line":73,"column":20},"end":{"line":73,"column":27}},{"start":{"line":73,"column":31},"end":{"line":73,"column":33}}],"line":73},"9":{"loc":{"start":{"line":75,"column":12},"end":{"line":80,"column":13}},"type":"if","locations":[{"start":{"line":75,"column":12},"end":{"line":80,"column":13}},{"start":{"line":75,"column":12},"end":{"line":80,"column":13}}],"line":75},"10":{"loc":{"start":{"line":76,"column":16},"end":{"line":76,"column":61}},"type":"if","locations":[{"start":{"line":76,"column":16},"end":{"line":76,"column":61}},{"start":{"line":76,"column":16},"end":{"line":76,"column":61}}],"line":76},"11":{"loc":{"start":{"line":77,"column":16},"end":{"line":79,"column":17}},"type":"if","locations":[{"start":{"line":77,"column":16},"end":{"line":79,"column":17}},{"start":{"line":77,"column":16},"end":{"line":79,"column":17}}],"line":77}},"s":{"0":1,"1":1,"2":1,"3":1,"4":1,"5":1,"6":0,"7":0,"8":0,"9":0,"10":0,"11":0,"12":0,"13":0,"14":0,"15":0,"16":0,"17":0,"18":0,"19":0,"20":0,"21":0,"22":0,"23":0,"24":0,"25":0,"26":0,"27":0,"28":0,"29":0,"30":0,"31":0,"32":0,"33":0,"34":0,"35":0,"36":0,"37":0,"38":0,"39":0,"40":0,"41":0,"42":1},"f":{"0":0,"1":0,"2":0},"b":{"0":[0,0],"1":[0,0],"2":[0,0],"3":[0,0],"4":[0,0],"5":[0,0],"6":[0,0],"7":[0,0],"8":[0,0],"9":[0,0],"10":[0,0],"11":[0,0]},"_coverageSchema":"332fd63041d2c1bcb487cc26dd0d5f7d97098a6c","hash":"bdc032dba552133d3a77f4a44bc7b36a36f0c4a7","contentHash":"d717f6936df47de12448f35fafcfd3af_11.9.0"},"c:\\coding_local\\node-activedirectory\\lib\\client\\rangeretrievalspecifierattribute.js":{"path":"c:\\coding_local\\node-activedirectory\\lib\\client\\rangeretrievalspecifierattribute.js","statementMap":{"0":{"start":{"line":1,"column":8},"end":{"line":1,"column":29}},"1":{"start":{"line":5,"column":14},"end":{"line":5,"column":44}},"2":{"start":{"line":15,"column":11},"end":{"line":15,"column":35}},"3":{"start":{"line":16,"column":14},"end":{"line":16,"column":32}},"4":{"start":{"line":17,"column":2},"end":{"line":21,"column":5}},"5":{"start":{"line":32,"column":39},"end":{"line":48,"column":1}},"6":{"start":{"line":33,"column":2},"end":{"line":47,"column":3}},"7":{"start":{"line":34,"column":4},"end":{"line":34,"column":101}},"8":{"start":{"line":34,"column":21},"end":{"line":34,"column":101}},"9":{"start":{"line":35,"column":4},"end":{"line":37,"column":5}},"10":{"start":{"line":36,"column":6},"end":{"line":36,"column":67}},"11":{"start":{"line":39,"column":4},"end":{"line":43,"column":5}},"12":{"start":{"line":40,"column":6},"end":{"line":42,"column":7}},"13":{"start":{"line":41,"column":8},"end":{"line":41,"column":45}},"14":{"start":{"line":46,"column":4},"end":{"line":46,"column":60}},"15":{"start":{"line":56,"column":0},"end":{"line":68,"column":1}},"16":{"start":{"line":57,"column":13},"end":{"line":57,"column":17}},"17":{"start":{"line":59,"column":2},"end":{"line":66,"column":3}},"18":{"start":{"line":60,"column":14},"end":{"line":60,"column":22}},"19":{"start":{"line":61,"column":15},"end":{"line":61,"column":24}},"20":{"start":{"line":63,"column":4},"end":{"line":63,"column":24}},"21":{"start":{"line":64,"column":4},"end":{"line":64,"column":40}},"22":{"start":{"line":65,"column":4},"end":{"line":65,"column":17}},"23":{"start":{"line":67,"column":2},"end":{"line":67,"column":15}},"24":{"start":{"line":76,"column":0},"end":{"line":79,"column":1}},"25":{"start":{"line":77,"column":13},"end":{"line":77,"column":17}},"26":{"start":{"line":78,"column":2},"end":{"line":78,"column":69}},"27":{"start":{"line":87,"column":0},"end":{"line":91,"column":1}},"28":{"start":{"line":88,"column":13},"end":{"line":88,"column":17}},"29":{"start":{"line":90,"column":2},"end":{"line":90,"column":90}},"30":{"start":{"line":101,"column":0},"end":{"line":110,"column":2}},"31":{"start":{"line":102,"column":19},"end":{"line":102,"column":21}},"32":{"start":{"line":103,"column":2},"end":{"line":108,"column":3}},"33":{"start":{"line":104,"column":4},"end":{"line":107,"column":5}},"34":{"start":{"line":105,"column":18},"end":{"line":105,"column":65}},"35":{"start":{"line":106,"column":6},"end":{"line":106,"column":29}},"36":{"start":{"line":109,"column":2},"end":{"line":109,"column":52}},"37":{"start":{"line":120,"column":0},"end":{"line":123,"column":2}},"38":{"start":{"line":121,"column":11},"end":{"line":121,"column":35}},"39":{"start":{"line":122,"column":2},"end":{"line":122,"column":29}},"40":{"start":{"line":133,"column":0},"end":{"line":137,"column":2}},"41":{"start":{"line":134,"column":2},"end":{"line":136,"column":6}},"42":{"start":{"line":135,"column":4},"end":{"line":135,"column":83}},"43":{"start":{"line":139,"column":0},"end":{"line":139,"column":50}}},"fnMap":{"0":{"name":"parseRangeRetrievalSpecifierAttribute","decl":{"start":{"line":14,"column":9},"end":{"line":14,"column":46}},"loc":{"start":{"line":14,"column":58},"end":{"line":22,"column":1}},"line":14},"1":{"name":"(anonymous_1)","decl":{"start":{"line":32,"column":39},"end":{"line":32,"column":40}},"loc":{"start":{"line":32,"column":59},"end":{"line":48,"column":1}},"line":32},"2":{"name":"next","decl":{"start":{"line":56,"column":59},"end":{"line":56,"column":63}},"loc":{"start":{"line":56,"column":66},"end":{"line":68,"column":1}},"line":56},"3":{"name":"isComplete","decl":{"start":{"line":76,"column":65},"end":{"line":76,"column":75}},"loc":{"start":{"line":76,"column":78},"end":{"line":79,"column":1}},"line":76},"4":{"name":"toString","decl":{"start":{"line":87,"column":63},"end":{"line":87,"column":71}},"loc":{"start":{"line":87,"column":74},"end":{"line":91,"column":1}},"line":87},"5":{"name":"getRangeAttributes","decl":{"start":{"line":101,"column":73},"end":{"line":101,"column":91}},"loc":{"start":{"line":101,"column":98},"end":{"line":110,"column":1}},"line":101},"6":{"name":"isRangeAttribute","decl":{"start":{"line":120,"column":71},"end":{"line":120,"column":87}},"loc":{"start":{"line":120,"column":99},"end":{"line":123,"column":1}},"line":120},"7":{"name":"hasRangeAttributes","decl":{"start":{"line":133,"column":73},"end":{"line":133,"column":91}},"loc":{"start":{"line":133,"column":98},"end":{"line":137,"column":1}},"line":133},"8":{"name":"(anonymous_8)","decl":{"start":{"line":134,"column":35},"end":{"line":134,"column":36}},"loc":{"start":{"line":134,"column":55},"end":{"line":136,"column":3}},"line":134}},"branchMap":{"0":{"loc":{"start":{"line":20,"column":10},"end":{"line":20,"column":36}},"type":"binary-expr","locations":[{"start":{"line":20,"column":10},"end":{"line":20,"column":28}},{"start":{"line":20,"column":32},"end":{"line":20,"column":36}}],"line":20},"1":{"loc":{"start":{"line":33,"column":2},"end":{"line":47,"column":3}},"type":"if","locations":[{"start":{"line":33,"column":2},"end":{"line":47,"column":3}},{"start":{"line":33,"column":2},"end":{"line":47,"column":3}}],"line":33},"2":{"loc":{"start":{"line":34,"column":4},"end":{"line":34,"column":101}},"type":"if","locations":[{"start":{"line":34,"column":4},"end":{"line":34,"column":101}},{"start":{"line":34,"column":4},"end":{"line":34,"column":101}}],"line":34},"3":{"loc":{"start":{"line":35,"column":4},"end":{"line":37,"column":5}},"type":"if","locations":[{"start":{"line":35,"column":4},"end":{"line":37,"column":5}},{"start":{"line":35,"column":4},"end":{"line":37,"column":5}}],"line":35},"4":{"loc":{"start":{"line":40,"column":6},"end":{"line":42,"column":7}},"type":"if","locations":[{"start":{"line":40,"column":6},"end":{"line":42,"column":7}},{"start":{"line":40,"column":6},"end":{"line":42,"column":7}}],"line":40},"5":{"loc":{"start":{"line":59,"column":2},"end":{"line":66,"column":3}},"type":"if","locations":[{"start":{"line":59,"column":2},"end":{"line":66,"column":3}},{"start":{"line":59,"column":2},"end":{"line":66,"column":3}}],"line":59},"6":{"loc":{"start":{"line":59,"column":6},"end":{"line":59,"column":52}},"type":"binary-expr","locations":[{"start":{"line":59,"column":7},"end":{"line":59,"column":24}},{"start":{"line":59,"column":30},"end":{"line":59,"column":51}}],"line":59},"7":{"loc":{"start":{"line":78,"column":9},"end":{"line":78,"column":67}},"type":"binary-expr","locations":[{"start"
[...]
":{"start":{"line":40,"column":16},"end":{"line":42,"column":17}},"22":{"start":{"line":41,"column":20},"end":{"line":41,"column":39}},"23":{"start":{"line":43,"column":16},"end":{"line":43,"column":35}},"24":{"start":{"line":45,"column":12},"end":{"line":63,"column":15}},"25":{"start":{"line":46,"column":16},"end":{"line":51,"column":17}},"26":{"start":{"line":47,"column":20},"end":{"line":49,"column":21}},"27":{"start":{"line":48,"column":24},"end":{"line":48,"column":38}},"28":{"start":{"line":50,"column":20},"end":{"line":50,"column":39}},"29":{"start":{"line":53,"column":30},"end":{"line":53,"column":32}},"30":{"start":{"line":54,"column":16},"end":{"line":58,"column":19}},"31":{"start":{"line":55,"column":33},"end":{"line":55,"column":117}},"32":{"start":{"line":56,"column":20},"end":{"line":56,"column":38}},"33":{"start":{"line":57,"column":20},"end":{"line":57,"column":41}},"34":{"start":{"line":59,"column":16},"end":{"line":61,"column":17}},"35":{"start":{"line":60,"column":20},"end":{"line":60,"column":44}},"36":{"start":{"line":62,"column":16},"end":{"line":62,"column":40}},"37":{"start":{"line":70,"column":0},"end":{"line":70,"column":44}}},"fnMap":{"0":{"name":"getGroupMembershipForGroup","decl":{"start":{"line":19,"column":9},"end":{"line":19,"column":35}},"loc":{"start":{"line":19,"column":63},"end":{"line":67,"column":1}},"line":19},"1":{"name":"(anonymous_1)","decl":{"start":{"line":27,"column":23},"end":{"line":27,"column":24}},"loc":{"start":{"line":27,"column":44},"end":{"line":65,"column":5}},"line":27},"2":{"name":"(anonymous_2)","decl":{"start":{"line":30,"column":62},"end":{"line":30,"column":63}},"loc":{"start":{"line":30,"column":81},"end":{"line":64,"column":9}},"line":30},"3":{"name":"(anonymous_3)","decl":{"start":{"line":45,"column":57},"end":{"line":45,"column":58}},"loc":{"start":{"line":45,"column":80},"end":{"line":63,"column":13}},"line":45},"4":{"name":"(anonymous_4)","decl":{"start":{"line":54,"column":31},"end":{"line":54,"column":32}},"loc":{"start":{"line":54,"column":48},"end":{"line":58,"column":17}},"line":54}},"branchMap":{"0":{"loc":{"start":{"line":22,"column":4},"end":{"line":26,"column":5}},"type":"if","locations":[{"start":{"line":22,"column":4},"end":{"line":26,"column":5}},{"start":{"line":22,"column":4},"end":{"line":26,"column":5}}],"line":22},"1":{"loc":{"start":{"line":31,"column":12},"end":{"line":36,"column":13}},"type":"if","locations":[{"start":{"line":31,"column":12},"end":{"line":36,"column":13}},{"start":{"line":31,"column":12},"end":{"line":36,"column":13}}],"line":31},"2":{"loc":{"start":{"line":32,"column":16},"end":{"line":34,"column":17}},"type":"if","locations":[{"start":{"line":32,"column":16},"end":{"line":34,"column":17}},{"start":{"line":32,"column":16},"end":{"line":34,"column":17}}],"line":32},"3":{"loc":{"start":{"line":38,"column":12},"end":{"line":44,"column":13}},"type":"if","locations":[{"start":{"line":38,"column":12},"end":{"line":44,"column":13}},{"start":{"line":38,"column":12},"end":{"line":44,"column":13}}],"line":38},"4":{"loc":{"start":{"line":40,"column":16},"end":{"line":42,"column":17}},"type":"if","locations":[{"start":{"line":40,"column":16},"end":{"line":42,"column":17}},{"start":{"line":40,"column":16},"end":{"line":42,"column":17}}],"line":40},"5":{"loc":{"start":{"line":46,"column":16},"end":{"line":51,"column":17}},"type":"if","locations":[{"start":{"line":46,"column":16},"end":{"line":51,"column":17}},{"start":{"line":46,"column":16},"end":{"line":51,"column":17}}],"line":46},"6":{"loc":{"start":{"line":47,"column":20},"end":{"line":49,"column":21}},"type":"if","locations":[{"start":{"line":47,"column":20},"end":{"line":49,"column":21}},{"start":{"line":47,"column":20},"end":{"line":49,"column":21}}],"line":47},"7":{"loc":{"start":{"line":55,"column":65},"end":{"line":55,"column":115}},"type":"binary-expr","locations":[{"start":{"line":55,"column":65},"end":{"line":55,"column":88}},{"start":{"line":55,"column":92},"end":{"line":55,"column":115}}],"line":55},"8":{"loc":{"start":{"line":55,"column":66},"end":{"line":55,"column":76}},"type":"binary-expr","locations":[{"start":{"line":55,"column":66},"end":{"line":55,"column":70}},{"start":{"line":55,"column":74},"end":{"line":55,"column":76}}],"line":55},"9":{"loc":{"start":{"line":59,"column":16},"end":{"line":61,"column":17}},"type":"if","locations":[{"start":{"line":59,"column":16},"end":{"line":61,"column":17}},{"start":{"line":59,"column":16},"end":{"line":61,"column":17}}],"line":59}},"s":{"0":1,"1":1,"2":1,"3":1,"4":1,"5":1,"6":1,"7":0,"8":0,"9":0,"10":0,"11":0,"12":0,"13":0,"14":0,"15":0,"16":0,"17":0,"18":0,"19":0,"20":0,"21":0,"22":0,"23":0,"24":0,"25":0,"26":0,"27":0,"28":0,"29":0,"30":0,"31":0,"32":0,"33":0,"34":0,"35":0,"36":0,"37":1},"f":{"0":0,"1":0,"2":0,"3":0,"4":0},"b":{"0":[0,0],"1":[0,0],"2":[0,0],"3":[0,0],"4":[0,0],"5":[0,0],"6":[0,0],"7":[0,0],"8":[0,0],"9":[0,0]},"_coverageSchema":"332fd63041d2c1bcb487cc26dd0d5f7d97098a6c","hash":"bdf2f6c157956fdbd4ddff44e150f3bffc628881","contentHash":"2bb25a8baf7451dfd849d7ebaaaf2f1c_11.9.0"},"c:\\coding_local\\node-activedirectory\\lib\\services\\service.getRootDSE.js":{"path":"c:\\coding_local\\node-activedirectory\\lib\\services\\service.getRootDSE.js","statementMap":{"0":{"start":{"line":1,"column":42},"end":{"line":1,"column":63}},"1":{"start":{"line":2,"column":42},"end":{"line":2,"column":84}},"2":{"start":{"line":3,"column":42},"end":{"line":3,"column":81}},"3":{"start":{"line":4,"column":42},"end":{"line":4,"column":75}},"4":{"start":{"line":14,"column":15},"end":{"line":14,"column":19}},"5":{"start":{"line":15,"column":4},"end":{"line":75,"column":7}},"6":{"start":{"line":16,"column":8},"end":{"line":19,"column":9}},"7":{"start":{"line":17,"column":12},"end":{"line":17,"column":34}},"8":{"start":{"line":18,"column":12},"end":{"line":18,"column":35}},"9":{"start":{"line":20,"column":8},"end":{"line":24,"column":9}},"10":{"start":{"line":21,"column":12},"end":{"line":21,"column":27}},"11":{"start":{"line":22,"column":12},"end":{"line":22,"column":44}},"12":{"start":{"line":23,"column":12},"end":{"line":23,"column":35}},"13":{"start":{"line":25,"column":8},"end":{"line":25,"column":153}},"14":{"start":{"line":25,"column":18},"end":{"line":25,"column":153}},"15":{"start":{"line":26,"column":8},"end":{"line":26,"column":65}},"16":{"start":{"line":35,"column":12},"end":{"line":39,"column":13}},"17":{"start":{"line":36,"column":16},"end":{"line":36,"column":117}},"18":{"start":{"line":37,"column":16},"end":{"line":37,"column":75}},"19":{"start":{"line":37,"column":51},"end":{"line":37,"column":75}},"20":{"start":{"line":38,"column":16},"end":{"line":38,"column":28}},"21":{"start":{"line":42,"column":21},"end":{"line":42,"column":49}},"22":{"start":{"line":43,"column":8},"end":{"line":43,"column":42}},"23":{"start":{"line":45,"column":8},"end":{"line":74,"column":11}},"24":{"start":{"line":46,"column":12},"end":{"line":52,"column":13}},"25":{"start":{"line":47,"column":16},"end":{"line":47,"column":80}},"26":{"start":{"line":48,"column":16},"end":{"line":50,"column":17}},"27":{"start":{"line":49,"column":20},"end":{"line":49,"column":41}},"28":{"start":{"line":51,"column":16},"end":{"line":51,"column":35}},"29":{"start":{"line":54,"column":12},"end":{"line":73,"column":15}},"30":{"start":{"line":55,"column":16},"end":{"line":61,"column":17}},"31":{"start":{"line":56,"column":20},"end":{"line":56,"column":86}},"32":{"start":{"line":57,"column":20},"end":{"line":59,"column":21}},"33":{"start":{"line":58,"column":24},"end":{"line":58,"column":38}},"34":{"start":{"line":60,"column":20},"end":{"line":60,"column":39}},"35":{"start":{"line":63,"column":16},"end":{"line":63,"column":50}},"36":{"start":{"line":64,"column":16},"end":{"line":66,"column":19}},"37":{"start":{"line":65,"column":20},"end":{"line":65,"column":36}},"38":{"start":{"line":67,"column":16},"end":{"line":72,"column":19}},"39":{"start":{"line":68,"column":20},"end":{"line":70,"column":21}},"40":{"start":{"line":69,"column":24},"end":{"line":69,"column":73}},"41":{"start":{"line":71,"column":20},"end":{"line":71,"column":69}},"42":{"start":{"line":78,"column":0},"end":{"line":78,"column":28}}},"fnMap":{"0":{"name":"getRootDSE","decl":{"start":{"line":13,"column":9},"end":{"line":13,"column":19}},"loc":{"start":{"line":13,"column":47},"end":{"line":76,"column":1}},"line":13},"1":{"name":"(anonymous_1)","decl":{"start":{"line":15,"column":23},"end":{"line":15,"column":24}},"loc":{"start":{"line":15,"column":44},"end":{"line":75,"column":5}},"line":15},"2":{"name":"onClientError","decl":{"start":{"line":33,"column":17},"end":{"line":33,"column":30}},"loc":{"start":{"line":33,"column":36},"end":{"line":40,"column":9}},"line":33},"3":{"name":"(anonymous_3)","decl":{"start":{"line":45,"column":28},"end":{"line":45,"column":29}},"loc":{"start":{"line":45,"column":43},"end":{"line":74,"column":9}},"line":45},"4":{"name":"(anonymous_4)","decl":{"start":{"line":54,"column":109},"end":{"line":54,"column":110}},"loc":{"start":{"line":54,"column":132},"end":{"line":73,"column":13}},"line":54},"5":{"name":"(anonymous_5)","decl":{"start":{"line":64,"column":33},"end":{"line":64,"column":34}},"loc":{"start":{"line":64,"column":51},"end":{"line":66,"column":17}},"line":64},"6":{"name":"(anonymous_6)","decl":{"start":{"line":67,"column":41},"end":{"line":67,"column":42}},"loc":{"start":{"line":67,"column":58},"end":{"line":72,"column":17}},"line":67}},"branchMap":{"0":{"loc":{"start":{"line":16,"column":8},"end":{"line":19,"column":9}},"type":"if","locations":[{"start":{"line":16,"column":8},"end":{"line":19,"column":9}},{"start":{"line":16,"column":8},"end":{"line":19,"column":9}}],"line":16},"1":{"loc":{"start":{"line":20,"column":8},"end":{"line":24,"column":9}},"type":"if","locations":[{"start":{"line":20,"column":8},"end":{"line":24,"column":9}},{"start":{"line":20,"column":8},"end":{"line":24,"column":9}}],"line":20},"2":{"loc":{"start":{"line":22,"column":18},"end":{"line":22,"column":43}},"type":"binary-expr","locations":[{"start":{"line":22,"column":18},"end":{"line":22,"column":26}},{"start":{"line":22,"column":30},"end":{"line":22,"column":43}}],"line":22},"3":{"loc":{"start":{"line":25,"column":8},"end":{"line":25,"column":153}},"type":"if","locations":[{"start":{"line":25,"column":8},"end":{"line":25,"column":153}},{"start":{"line":25,"column":8},"end":{"line":25,"column":153}}],"line":25},"4":{"loc":{"start":{"line":26,"column":44},"end":{"line":26,"column":63}},"type":"binary-expr","locations":[{"start":{"line":26,"column":44},"end":{"line":26,"column":54}},{"start":{"line":26,"column":58},"end":{"line":26,"column":63}}],"line":26},"5":{"loc":{"start":{"line":35,"column":12},"end":{"line":39,"column":13}},"type":"if","locations":[{"start":{"line":35,"column":12},"end":{"line":39,"column":13}},{"start":{"line":35,"column":12},"end":{"line":39,"column":13}}],"line":35},"6":{"loc":{"start":{"line":35,"column":17},"end":{"line":35,"column":26}},"type":"binary-expr","locations":[{"start":{"line":35,"column":17},"end":{"line":35,"column":20}},{"start":{"line":35,"column":24},"end":{"line":35,"column":26}}],"line":35},"7":{"loc":{"start":{"line":37,"column":16},"end":{"line":37,"column":75}},"type":"if","locations":[{"start":{"line":37,"column":16},"end":{"line":37,"column":75}},{"start":{"line":37,"column":16},"end":{"line":37,"column":75}}],"line":37},"8":{"loc":{"start":{"line":46,"column":12},"end":{"line":52,"column":13}},"type":"if","locations":[{"start":{"line":46,"column":12},"end":{"line":52,"column":13}},{"start":{"line":46,"column":12},"end":{"line":52,"column":13}}],"line":46},"9":{"loc":{"start":{"line":48,"column":16},"end":{"line":50,"column":17}},"type":"if","locations":[{"start":{"line":48,"column":16},"end":{"line":50,"column":17}},{"start":{"line":48,"column":16},"end":{"line":50,"column":17}}],"line":48},"10":{"loc":{"start":{"line":54,"column":59},"end":{"line":54,"column":78}},"type":"binary-expr","locations":[{"start":{"line":54,"column":59},"end":{"line":54,"column":69}},{"start":{"line":54,"column":73},"end":{"line":54,"column":78}}],"line":54},"11":{"loc":{"start":{"line":55,"column":16},"end":{"line":61,"column":17}},"type":"if","locations":[{"start":{"line":55,"column":16},"end":{"line":61,"column":17}},{"start":{"line":55,"column":16},"end":{"line":61,"column":17}}],"line":55},"12":{"loc":{"start":{"line":57,"column":20},"end":{"line":59,"column":21}},"type":"if","locations":[{"start":{"line":57,"column":20},"end":{"line":59,"column":21}},{"start":{"line":57,"column":20},"end":{"line":59,"column":21}}],"line":57},"13":{"loc":{"start":{"line":68,"column":20},"end":{"line":70,"column":21}},"type":"if","locations":[{"start":{"line":68,"column":20},"end":{"line":70,"column":21}},{"start":{"line":68,"column":20},"end":{"line":70,"column":21}}],"line":68}},"s":{"0":1,"1":1,"2":1,"3":1,"4":0,"5":0,"6":0,"7":0,"8":0,"9":0,"10":0,"11":0,"12":0,"13":0,"14":0,"15":0,"16":0,"17":0,"18":0,"19":0,"20":0,"21":0,"22":0,"23":0,"24":0,"25":0,"26":0,"27":0,"28":0,"29":0,"30":0,"31":0,"32":0,"33":0,"34":0,"35":0,"36":0,"37":0,"38":0,"39":0,"40":0,"41":0,"42":1},"f":{"0":0,"1":0,"2":0,"3":0,"4":0,"5":0,"6":0},"b":{"0":[0,0],"1":[0,0],"2":[0,0],"3":[0,0],"4":[0,0],"5":[0,0],"6":[0,0],"7":[0,0],"8":[0,0],"9":[0,0],"10":[0,0],"11":[0,0],"12":[0,0],"13":[0,0]},"_coverageSchema":"332fd63041d2c1bcb487cc26dd0d5f7d97098a6c","hash":"0718524475dc2be33e6a3e7e14792811124d35df","contentHash":"c764d94658a895442c05ffdcebc82465_11.9.0"},"c:\\coding_local\\node-activedirectory\\lib\\services\\service.authenticate.js":{"path":"c:\\coding_local\\node-activedirectory\\lib\\services\\service.authenticate.js","statementMap":{"0":{"start":{"line":3,"column":42},"end":{"line":3,"column":57}},"1":{"start":{"line":4,"column":42},"end":{"line":4,"column":84}},"2":{"start":{"line":5,"column":42},"end":{"line":5,"column":81}},"3":{"start":{"line":6,"column":42},"end":{"line":6,"column":75}},"4":{"start":{"line":7,"column":42},"end":{"line":7,"column":47}},"5":{"start":{"line":18,"column":15},"end":{"line":18,"column":19}},"6":{"start":{"line":19,"column":4},"end":{"line":65,"column":7}},"7":{"start":{"line":20,"column":8},"end":{"line":20,"column":101}},"8":{"start":{"line":23,"column":8},"end":{"line":33,"column":9}},"9":{"start":{"line":24,"column":22},"end":{"line":28,"column":13}},"10":{"start":{"line":29,"column":12},"end":{"line":31,"column":13}},"11":{"start":{"line":30,"column":16},"end":{"line":30,"column":37}},"12":{"start":{"line":32,"column":12},"end":{"line":32,"column":31}},"13":{"start":{"line":35,"column":27},"end":{"line":35,"column":32}},"14":{"start":{"line":37,"column":12},"end":{"line":44,"column":13}},"15":{"start":{"line":38,"column":16},"end":{"line":38,"column":36}},"16":{"start":{"line":39,"column":16},"end":{"line":39,"column":75}},"17":{"start":{"line":39,"column":51},"end":{"line":39,"column":75}},"18":{"start":{"line":40,"column":16},"end":{"line":42,"column":17}},"19":{"start":{"line":41,"column":20},"end":{"line":41,"column":40}},"20":{"start":{"line":43,"column":16},"end":{"line":43,"column":35}},"21":{"start":{"line":47,"column":21},"end":{"line":47,"column":44}},"22":{"start":{"line":48,"column":8},"end":{"line":48,"column":40}},"23":{"start":{"line":49,"column":8},"end":{"line":64,"column":11}},"24":{"start":{"line":50,"column":12},"end":{"line":50,"column":28}},"25":{"start":{"line":51,"column":26},"end":{"line":53,"column":90}},"26":{"start":{"line":54,"column":12},"end":{"line":57,"column":13}},"27":{"start":{"line":55,"column":16},"end":{"line":55,"column":56}},"28":{"start":{"line":56,"column":16},"end":{"line":56,"column":42}},"29":{"start":{"line":59,"column":12},"end":{"line":59,"column":30}},"30":{"start":{"line":60,"column":12},"end":{"line":62,"column":13}},"31":{"start":{"line":61,"column":16},"end":{"line":61,"column":37}},"32":{"start":{"line":63,"column":12},"end":{"line":63,"column":33}},"33":{"start":{"line":68,"column":0},"end":{"line":68,"column":30}}},"fnMap":{"0":{"name":"authenticate","decl":{"start":{"line":17,"column":9},"end":{"line":17,"column":21}},"loc":{"start":{"line":17,"column":52},"end":{"line":66,"column":1}},"line":17},"1":{"name":"(anonymous_1)","decl":{"start":{"line":19,"column":23},"end":{"line":19,"column":24}},"loc":{"start":{"line":19,"column":44},"end":{"line":65,"column":5}},"line":19},"2":{"name":"handleError","decl":{"start":{"line":36,"column":17},"end":{"line":36,"column":28}},"loc":{"start":{"line":36,"column":34},"end":{"line":45,"column":9}},"line":36},"3":{"name":"(anonymous_3)","decl":{"start":{"line":49,"column":40},"end":{"line":49,"column":41}},"loc":{"start":{"line":49,"column":55},"end":{"line":64,"column":9}},"line":49}},"branchMap":{"0":{"loc":{"start":{"line":20,"column":51},"end":{"line":20,"column":99}},"type":"cond-expr","locations":[{"start":{"line":20,"column":78},"end":{"line":20,"column":86}},{"start":{"line":20,"column":89},"end":{"line":20,"column":99}}],"line":20},"1":{"loc":{"start":{"line":23,"column":8},"end":{"line":33,"column":9}},"type":"if","locations":[{"start":{"line":23,"column":8},"end":{"line":33,"column":9}},{"start":{"line":23,"column":8},"end":{"line":33,"column":9}}],"line":23},"2":{"loc":{"start":{"line":23,"column":12},"end":{"line":23,"column":38}},"type":"binary-expr","locations":[{"start":{"line":23,"column":13},"end":{"line":23,"column":22}},{"start":{"line":23,"column":28},"end":{"line":23,"column":37}}],"line":23},"3":{"loc":{"start":{"line":29,"column":12},"end":{"line":31,"column":13}},"type":"if","locations":[{"start":{"line":29,"column":12},"end":{"line":31,"column":13}},{"start":{"line":29,"column":12},"end":{"line":31,"column":13}}],"line":29},"4":{"loc":{"start":{"line":37,"column":12},"end":{"line":44,"column":13}},"type":"if","locations":[{"start":{"line":37,"column":12},"end":{"line":44,"column":13}},{"start":{"line":37,"column":12},"end":{"line":44,"column":13}}],"line":37},"5":{"loc":{"start":{"line":39,"column":16},"end":{"line":39,"column":75}},"type":"if","locations":[{"start":{"line":39,"column":16},"end":{"line":39,"column":75}},{"start":{"line":39,"column":16},"end":{"line":39,"column":75}}],"line":39},"6":{"loc":{"start":{"line":40,"column":16},"end":{"line":42,"column":17}},"type":"if","locations":[{"start":{"line":40,"column":16},"end":{"line":42,"column":17}},{"start":{"line":40,"column":16},"end":{"line":42,"column":17}}],"line":40},"7":{"loc":{"start":{"line":52,"column":16},"end":{"line":52,"column":44}},"type":"cond-expr","locations":[{"start":{"line":52,"column":22},"end":{"line":52,"column":30}},{"start":{"line":52,"column":33},"end":{"line":52,"column":44}}],"line":52},"8":{"loc":{"start":{"line":53,"column":41},"end":{"line":53,"column":89}},"type":"cond-expr","locations":[{"start":{"line":53,"column":68},"end":{"line":53,"column":76}},{"start":{"line":53,"column":79},"end":{"line":53,"column":89}}],"line":53},"9":{"loc":{"start":{"line":54,"column":12},"end":{"line":57,"column":13}},"type":"if","locations":[{"start":{"line":54,"column":12},"end":{"line":57,"column":13}},{"start":{"line":54,"column":12},"end":{"line":57,"column":13}}],"line":54},"10":{"loc":{"start":{"line":60,"column":12},"end":{"line":62,"column":13}},"type":"if","locations":[{"start":{"line":60,"column":12},"end":{"line":62,"column":13}},{"start":{"line":60,"column":12},"end":{"line":62,"column":13}}],"line":60}},"s":{"0":1,"1":1,"2":1,"3":1,"4":1,"5":2,"6":2,"7":2,"8":2,"9":0,"10":0,"11":0,"12":0,"13":2,"14":0,"15":0,"16":0,"17":0,"18":0,"19":0,"20":0,"21":2,"22":2,"23":2,"24":0,"25":0,"26":0,"27":0,"28":0,"29":0,"30":0,"31":0,"32":0,"33":1},"f":{"0":2,"1":2,"2":0,"3":0},"b":{"0":[0,2],"1":[0,2],"2":[2,2],"3":[0,0],"4":[0,0],"5":[0,0],"6":[0,0],"7":[0,0],"8":[0,0],"9":[0,0],"10":[0,0]},"_coverageSchema":"332fd63041d2c1bcb487cc26dd0d5f7d97098a6c","hash":"468a6b3e456e5e210e2f517b4f22b3dce9af5826","contentHash":"f7b401633a37e0c74420048d8bd9390e_11.9.0"}}